#
# There is insufficient memory for the Java Runtime Environment to continue.
# Native memory allocation (malloc) failed to allocate 3644608 bytes for Chunk::new
# Possible reasons:
#   The system is out of physical RAM or swap space
#   In 32 bit mode, the process size limit was hit
# Possible solutions:
#   Reduce memory load on the system
#   Increase physical memory or swap space
#   Check if swap backing store is full
#   Use 64 bit Java on a 64 bit OS
#   Decrease Java heap size (-Xmx/-Xms)
#   Decrease number of Java threads
#   Decrease Java thread stack sizes (-Xss)
#   Set larger code cache with -XX:ReservedCodeCacheSize=
# This output file may be truncated or incomplete.
#
#  Out of Memory Error (allocation.cpp:390), pid=7688, tid=0x0000000000004960
#
# JRE version: Java(TM) SE Runtime Environment (8.0_131-b11) (build 1.8.0_131-b11)
# Java VM: Java HotSpot(TM) 64-Bit Server VM (25.131-b11 mixed mode windows-amd64 compressed oops)
# Failed to write core dump. Minidumps are not enabled by default on client versions of Windows
#

---------------  T H R E A D  ---------------

Current thread (0x000000001c362800):  JavaThread "C2 CompilerThread0" daemon [_thread_in_native, id=18784, stack(0x000000001c7c0000,0x000000001c8c0000)]

Stack: [0x000000001c7c0000,0x000000001c8c0000]
[error occurred during error reporting (printing stack bounds), id 0xc0000005]

Native frames: (J=compiled Java code, j=interpreted, Vv=VM code, C=native code)


Current CompileTask:
C2:  26652 5085  s    4       java.lang.reflect.Field::declaredAnnotations (59 bytes)


---------------  P R O C E S S  ---------------

Java Threads: ( => current thread )
  0x000000001eabb000 JavaThread "container-0" [_thread_blocked, id=18504, stack(0x0000000026b20000,0x0000000026c20000)]
  0x000000001d2a6000 JavaThread "ContainerBackgroundProcessor[StandardEngine[Tomcat]]" daemon [_thread_blocked, id=18396, stack(0x0000000026810000,0x0000000026910000)]
  0x0000000024fd3800 JavaThread "RxIoScheduler-1 (Evictor)" daemon [_thread_blocked, id=17244, stack(0x0000000026710000,0x0000000026810000)]
  0x000000001d30b000 JavaThread "spring.cloud.inetutils" daemon [_thread_blocked, id=8120, stack(0x0000000025270000,0x0000000025370000)]
  0x00000000204a3800 JavaThread "SimplePauseDetectorThread_0" daemon [_thread_blocked, id=3484, stack(0x0000000025170000,0x0000000025270000)]
  0x000000001cd7b000 JavaThread "Thread-4" daemon [_thread_blocked, id=6592, stack(0x0000000025070000,0x0000000025170000)]
  0x000000001e7c8800 JavaThread "localhost-startStop-1" daemon [_thread_blocked, id=1864, stack(0x0000000022cb0000,0x0000000022db0000)]
  0x000000001d16a800 JavaThread "Tomcat-startStop-1" daemon [_thread_blocked, id=12500, stack(0x0000000022bb0000,0x0000000022cb0000)]
  0x000000001c404800 JavaThread "Service Thread" daemon [_thread_blocked, id=18788, stack(0x000000001cac0000,0x000000001cbc0000)]
  0x000000001c3c6800 JavaThread "C1 CompilerThread2" daemon [_thread_blocked, id=18812, stack(0x000000001c9c0000,0x000000001cac0000)]
  0x000000001c36a000 JavaThread "C2 CompilerThread1" daemon [_thread_in_native, id=18804, stack(0x000000001c8c0000,0x000000001c9c0000)]
=>0x000000001c362800 JavaThread "C2 CompilerThread0" daemon [_thread_in_native, id=18784, stack(0x000000001c7c0000,0x000000001c8c0000)]
  0x000000001a2b8000 JavaThread "JDWP Command Reader" daemon [_thread_in_native, id=18800, stack(0x000000001bec0000,0x000000001bfc0000)]
  0x000000001a2b4800 JavaThread "JDWP Event Helper Thread" daemon [_thread_blocked, id=10604, stack(0x000000001bdc0000,0x000000001bec0000)]
  0x000000001a2a5800 JavaThread "JDWP Transport Listener: dt_socket" daemon [_thread_blocked, id=7608, stack(0x000000001bcc0000,0x000000001bdc0000)]
  0x000000001b702800 JavaThread "Attach Listener" daemon [_thread_blocked, id=16508, stack(0x000000001bbc0000,0x000000001bcc0000)]
  0x000000001a28b000 JavaThread "Signal Dispatcher" daemon [_thread_blocked, id=19284, stack(0x000000001bac0000,0x000000001bbc0000)]
  0x000000000562e000 JavaThread "Finalizer" daemon [_thread_blocked, id=15332, stack(0x000000001b4c0000,0x000000001b5c0000)]
  0x000000001a239000 JavaThread "Reference Handler" daemon [_thread_blocked, id=4020, stack(0x000000001b3c0000,0x000000001b4c0000)]
  0x000000000553b000 JavaThread "main" [_thread_in_vm, id=14416, stack(0x0000000005430000,0x0000000005530000)]

Other Threads:
  0x000000001a238000 VMThread [stack: 0x000000001b2c0000,0x000000001b3c0000] [id=19428]
  0x000000001c51e000 WatcherThread [stack: 0x000000001cbc0000,0x000000001ccc0000] [id=18752]

VM state:not at safepoint (normal execution)

VM Mutex/Monitor currently owned by a thread: None

Heap:
 PSYoungGen      total 322560K, used 298605K [0x00000000d5e00000, 0x00000000ec700000, 0x0000000100000000)
  eden space 309248K, 92% used [0x00000000d5e00000,0x00000000e751ab30,0x00000000e8c00000)
  from space 13312K, 96% used [0x00000000eba00000,0x00000000ec680ba0,0x00000000ec700000)
  to   space 15872K, 0% used [0x00000000ea800000,0x00000000ea800000,0x00000000eb780000)
 ParOldGen       total 57856K, used 16453K [0x0000000081a00000, 0x0000000085280000, 0x00000000d5e00000)
  object space 57856K, 28% used [0x0000000081a00000,0x0000000082a11788,0x0000000085280000)
 Metaspace       used 45558K, capacity 47512K, committed 47744K, reserved 1091584K
  class space    used 5876K, capacity 6232K, committed 6272K, reserved 1048576K

Card table byte_map: [0x0000000014af0000,0x0000000014ef0000] byte_map_base: 0x00000000146e3000

Marking Bits: (ParMarkBitMap*) 0x00000000767cc720
 Begin Bits: [0x00000000155a0000, 0x0000000017538000)
 End Bits:   [0x0000000017538000, 0x00000000194d0000)

Polling page: 0x0000000004f80000

CodeCache: size=245760Kb used=18750Kb max_used=18750Kb free=227009Kb
 bounds [0x0000000005730000, 0x0000000006990000, 0x0000000014730000]
 total_blobs=4876 nmethods=4434 adapters=363
 compilation: enabled

Compilation events (10 events):
Event: 26.601 Thread 0x000000001c3c6800 5153       3       org.springframework.aop.aspectj.AspectJExpressionPointcut::getMethodMatcher (7 bytes)
Event: 26.602 Thread 0x000000001c3c6800 nmethod 5153 0x0000000005fdadd0 code [0x0000000005fdaf40, 0x0000000005fdb0c8]
Event: 26.603 Thread 0x000000001c3c6800 5154   !   3       org.springframework.beans.factory.support.DefaultSingletonBeanRegistry::getSingleton (117 bytes)
Event: 26.604 Thread 0x000000001c3c6800 nmethod 5154 0x000000000698cb10 code [0x000000000698cd20, 0x000000000698d9a8]
Event: 26.607 Thread 0x000000001c3c6800 5155       3       org.springframework.aop.framework.autoproxy.AbstractAutoProxyCreator::postProcessBeforeInstantiation (149 bytes)
Event: 26.608 Thread 0x000000001c3c6800 nmethod 5155 0x000000000698df50 code [0x000000000698e1c0, 0x000000000698f308]
Event: 26.620 Thread 0x000000001c3c6800 5156       1       org.apache.catalina.core.StandardContext::getTldValidation (5 bytes)
Event: 26.620 Thread 0x000000001c3c6800 nmethod 5156 0x000000000639c710 code [0x000000000639c860, 0x000000000639c970]
Event: 26.620 Thread 0x000000001c3c6800 5157       1       org.apache.catalina.core.StandardContext::getXmlBlockExternal (5 bytes)
Event: 26.620 Thread 0x000000001c3c6800 nmethod 5157 0x0000000006931490 code [0x00000000069315e0, 0x00000000069316f0]

GC Heap History (10 events):
Event: 9.011 GC heap before
{Heap before GC invocations=6 (full 1):
 PSYoungGen      total 138240K, used 133120K [0x00000000d5e00000, 0x00000000dea00000, 0x0000000100000000)
  eden space 133120K, 100% used [0x00000000d5e00000,0x00000000de000000,0x00000000de000000)
  from space 5120K, 0% used [0x00000000de500000,0x00000000de500000,0x00000000dea00000)
  to   space 5120K, 0% used [0x00000000de000000,0x00000000de000000,0x00000000de500000)
 ParOldGen       total 57856K, used 8870K [0x0000000081a00000, 0x0000000085280000, 0x00000000d5e00000)
  object space 57856K, 15% used [0x0000000081a00000,0x00000000822a9880,0x0000000085280000)
 Metaspace       used 27468K, capacity 28388K, committed 28544K, reserved 1075200K
  class space    used 3461K, capacity 3660K, committed 3712K, reserved 1048576K
Event: 9.026 GC heap after
Heap after GC invocations=6 (full 1):
 PSYoungGen      total 138240K, used 5108K [0x00000000d5e00000, 0x00000000e4700000, 0x0000000100000000)
  eden space 133120K, 0% used [0x00000000d5e00000,0x00000000d5e00000,0x00000000de000000)
  from space 5120K, 99% used [0x00000000de000000,0x00000000de4fd2d8,0x00000000de500000)
  to   space 10752K, 0% used [0x00000000e3c80000,0x00000000e3c80000,0x00000000e4700000)
 ParOldGen       total 57856K, used 11490K [0x0000000081a00000, 0x0000000085280000, 0x00000000d5e00000)
  object space 57856K, 19% used [0x0000000081a00000,0x0000000082538958,0x0000000085280000)
 Metaspace       used 27468K, capacity 28388K, committed 28544K, reserved 1075200K
  class space    used 3461K, capacity 3660K, committed 3712K, reserved 1048576K
}
Event: 11.250 GC heap before
{Heap before GC invocations=7 (full 1):
 PSYoungGen      total 138240K, used 138228K [0x00000000d5e00000, 0x00000000e4700000, 0x0000000100000000)
  eden space 133120K, 100% used [0x00000000d5e00000,0x00000000de000000,0x00000000de000000)
  from space 5120K, 99% used [0x00000000de000000,0x00000000de4fd2d8,0x00000000de500000)
  to   space 10752K, 0% used [0x00000000e3c80000,0x00000000e3c80000,0x00000000e4700000)
 ParOldGen       total 57856K, used 11490K [0x0000000081a00000, 0x0000000085280000, 0x00000000d5e00000)
  object space 57856K, 19% used [0x0000000081a00000,0x0000000082538958,0x0000000085280000)
 Metaspace       used 29888K, capacity 30898K, committed 31232K, reserved 1077248K
  class space    used 3793K, capacity 4011K, committed 4096K, reserved 1048576K
Event: 11.276 GC heap after
Heap after GC invocations=7 (full 1):
 PSYoungGen      total 225792K, used 10434K [0x00000000d5e00000, 0x00000000e4800000, 0x0000000100000000)
  eden space 215040K, 0% used [0x00000000d5e00000,0x00000000d5e00000,0x00000000e3000000)
  from space 10752K, 97% used [0x00000000e3c80000,0x00000000e46b0868,0x00000000e4700000)
  to   space 12288K, 0% used [0x00000000e3000000,0x00000000e3000000,0x00000000e3c00000)
 ParOldGen       total 57856K, used 11498K [0x0000000081a00000, 0x0000000085280000, 0x00000000d5e00000)
  object space 57856K, 19% used [0x0000000081a00000,0x000000008253a958,0x0000000085280000)
 Metaspace       used 29888K, capacity 30898K, committed 31232K, reserved 1077248K
  class space    used 3793K, capacity 4011K, committed 4096K, reserved 1048576K
}
Event: 14.785 GC heap before
{Heap before GC invocations=8 (full 1):
 PSYoungGen      total 225792K, used 122577K [0x00000000d5e00000, 0x00000000e4800000, 0x0000000100000000)
  eden space 215040K, 52% used [0x00000000d5e00000,0x00000000dcb83c28,0x00000000e3000000)
  from space 10752K, 97% used [0x00000000e3c80000,0x00000000e46b0868,0x00000000e4700000)
  to   space 12288K, 0% used [0x00000000e3000000,0x00000000e3000000,0x00000000e3c00000)
 ParOldGen       total 57856K, used 11498K [0x0000000081a00000, 0x0000000085280000, 0x00000000d5e00000)
  object space 57856K, 19% used [0x0000000081a00000,0x000000008253a958,0x0000000085280000)
 Metaspace       used 34227K, capacity 35266K, committed 35416K, reserved 1081344K
  class space    used 4286K, capacity 4509K, committed 4608K, reserved 1048576K
Event: 14.816 GC heap after
Heap after GC invocations=8 (full 1):
 PSYoungGen      total 227328K, used 12258K [0x00000000d5e00000, 0x00000000ec800000, 0x0000000100000000)
  eden space 215040K, 0% used [0x00000000d5e00000,0x00000000d5e00000,0x00000000e3000000)
  from space 12288K, 99% used [0x00000000e3000000,0x00000000e3bf8978,0x00000000e3c00000)
  to   space 14336K, 0% used [0x00000000eba00000,0x00000000eba00000,0x00000000ec800000)
 ParOldGen       total 57856K, used 11527K [0x0000000081a00000, 0x0000000085280000, 0x00000000d5e00000)
  object space 57856K, 19% used [0x0000000081a00000,0x0000000082541e30,0x0000000085280000)
 Metaspace       used 34227K, capacity 35266K, committed 35416K, reserved 1081344K
  class space    used 4286K, capacity 4509K, committed 4608K, reserved 1048576K
}
Event: 14.816 GC heap before
{Heap before GC invocations=9 (full 2):
 PSYoungGen      total 227328K, used 12258K [0x00000000d5e00000, 0x00000000ec800000, 0x0000000100000000)
  eden space 215040K, 0% used [0x00000000d5e00000,0x00000000d5e00000,0x00000000e3000000)
  from space 12288K, 99% used [0x00000000e3000000,0x00000000e3bf8978,0x00000000e3c00000)
  to   space 14336K, 0% used [0x00000000eba00000,0x00000000eba00000,0x00000000ec800000)
 ParOldGen       total 57856K, used 11527K [0x0000000081a00000, 0x0000000085280000, 0x00000000d5e00000)
  object space 57856K, 19% used [0x0000000081a00000,0x0000000082541e30,0x0000000085280000)
 Metaspace       used 34227K, capacity 35266K, committed 35416K, reserved 1081344K
  class space    used 4286K, capacity 4509K, committed 4608K, reserved 1048576K
Event: 14.971 GC heap after
Heap after GC invocations=9 (full 2):
 PSYoungGen      total 227328K, used 0K [0x00000000d5e00000, 0x00000000ec800000, 0x0000000100000000)
  eden space 215040K, 0% used [0x00000000d5e00000,0x00000000d5e00000,0x00000000e3000000)
  from space 12288K, 0% used [0x00000000e3000000,0x00000000e3000000,0x00000000e3c00000)
  to   space 14336K, 0% used [0x00000000eba00000,0x00000000eba00000,0x00000000ec800000)
 ParOldGen       total 57856K, used 16445K [0x0000000081a00000, 0x0000000085280000, 0x00000000d5e00000)
  object space 57856K, 28% used [0x0000000081a00000,0x0000000082a0f788,0x0000000085280000)
 Metaspace       used 34227K, capacity 35266K, committed 35416K, reserved 1081344K
  class space    used 4286K, capacity 4509K, committed 4608K, reserved 1048576K
}
Event: 19.682 GC heap before
{Heap before GC invocations=10 (full 2):
 PSYoungGen      total 227328K, used 215040K [0x00000000d5e00000, 0x00000000ec800000, 0x0000000100000000)
  eden space 215040K, 100% used [0x00000000d5e00000,0x00000000e3000000,0x00000000e3000000)
  from space 12288K, 0% used [0x00000000e3000000,0x00000000e3000000,0x00000000e3c00000)
  to   space 14336K, 0% used [0x00000000eba00000,0x00000000eba00000,0x00000000ec800000)
 ParOldGen       total 57856K, used 16445K [0x0000000081a00000, 0x0000000085280000, 0x00000000d5e00000)
  object space 57856K, 28% used [0x0000000081a00000,0x0000000082a0f788,0x0000000085280000)
 Metaspace       used 40742K, capacity 42440K, committed 42624K, reserved 1087488K
  class space    used 5151K, capacity 5476K, committed 5504K, reserved 1048576K
Event: 19.701 GC heap after
Heap after GC invocations=10 (full 2):
 PSYoungGen      total 322560K, used 12802K [0x00000000d5e00000, 0x00000000ec700000, 0x0000000100000000)
  eden space 309248K, 0% used [0x00000000d5e00000,0x00000000d5e00000,0x00000000e8c00000)
  from space 13312K, 96% used [0x00000000eba00000,0x00000000ec680ba0,0x00000000ec700000)
  to   space 15872K, 0% used [0x00000000ea800000,0x00000000ea800000,0x00000000eb780000)
 ParOldGen       total 57856K, used 16453K [0x0000000081a00000, 0x0000000085280000, 0x00000000d5e00000)
  object space 57856K, 28% used [0x0000000081a00000,0x0000000082a11788,0x0000000085280000)
 Metaspace       used 40742K, capacity 42440K, committed 42624K, reserved 1087488K
  class space    used 5151K, capacity 5476K, committed 5504K, reserved 1048576K
}

Deoptimization events (10 events):
Event: 24.375 Thread 0x000000000553b000 Uncommon trap: reason=unstable_if action=reinterpret pc=0x00000000064c55a0 method=java.util.concurrent.ConcurrentHashMap.get(Ljava/lang/Object;)Ljava/lang/Object; @ 86
Event: 24.660 Thread 0x000000000553b000 Uncommon trap: reason=unstable_if action=reinterpret pc=0x00000000062445b4 method=org.springframework.util.StringUtils.collectionToDelimitedString(Ljava/util/Collection;Ljava/lang/String;Ljava/lang/String;Ljava/lang/String;)Ljava/lang/String; @ 4
Event: 25.231 Thread 0x000000000553b000 Uncommon trap: reason=array_check action=maybe_recompile pc=0x00000000068f6d98 method=org.aspectj.weaver.ResolvedMemberImpl.resolve(Lorg/aspectj/weaver/World;)Lorg/aspectj/weaver/ResolvedMember; @ 139
Event: 25.231 Thread 0x000000000553b000 Uncommon trap: reason=array_check action=maybe_recompile pc=0x00000000068f6d98 method=org.aspectj.weaver.ResolvedMemberImpl.resolve(Lorg/aspectj/weaver/World;)Lorg/aspectj/weaver/ResolvedMember; @ 139
Event: 25.231 Thread 0x000000000553b000 Uncommon trap: reason=array_check action=maybe_recompile pc=0x00000000068f6d98 method=org.aspectj.weaver.ResolvedMemberImpl.resolve(Lorg/aspectj/weaver/World;)Lorg/aspectj/weaver/ResolvedMember; @ 139
Event: 25.231 Thread 0x000000000553b000 Uncommon trap: reason=array_check action=maybe_recompile pc=0x00000000068f6d98 method=org.aspectj.weaver.ResolvedMemberImpl.resolve(Lorg/aspectj/weaver/World;)Lorg/aspectj/weaver/ResolvedMember; @ 139
Event: 25.237 Thread 0x000000000553b000 Uncommon trap: reason=unstable_if action=reinterpret pc=0x0000000006761594 method=org.springframework.core.ResolvableType.resolveType()Lorg/springframework/core/ResolvableType; @ 37
Event: 25.253 Thread 0x000000000553b000 Uncommon trap: reason=bimorphic action=maybe_recompile pc=0x00000000066c741c method=sun.reflect.generics.reflectiveObjects.WildcardTypeImpl.getUpperBounds()[Ljava/lang/reflect/Type; @ 37
Event: 25.977 Thread 0x000000000553b000 Uncommon trap: reason=unstable_if action=reinterpret pc=0x000000000593fafc method=org.springframework.beans.factory.support.AbstractBeanFactory.isTypeMatch(Ljava/lang/String;Lorg/springframework/core/ResolvableType;)Z @ 493
Event: 26.599 Thread 0x000000000553b000 Uncommon trap: reason=unstable_if action=reinterpret pc=0x00000000068459bc method=org.springframework.beans.factory.support.DefaultSingletonBeanRegistry.getSingleton(Ljava/lang/String;Z)Ljava/lang/Object; @ 47

Internal exceptions (10 events):
Event: 26.597 Thread 0x000000000553b000 Exception <a 'java/lang/ClassNotFoundException': org/springframework/context/ApplicationContextAwareCustomizer> (0x00000000e70519c0) thrown at [C:\re\workspace\8-2-build-windows-amd64-cygwin\jdk8u131\8869\hotspot\src\share\vm\classfile\systemDictionary.cp
Event: 26.610 Thread 0x000000000553b000 Exception <a 'java/lang/ClassNotFoundException': java/lang/ObjectCustomizer> (0x00000000e70b5050) thrown at [C:\re\workspace\8-2-build-windows-amd64-cygwin\jdk8u131\8869\hotspot\src\share\vm\classfile\systemDictionary.cpp, line 210]
Event: 26.612 Thread 0x000000000553b000 Exception <a 'java/lang/ClassNotFoundException': org/springframework/boot/autoconfigure/template/AbstractViewResolverPropertiesCustomizer> (0x00000000e70f4670) thrown at [C:\re\workspace\8-2-build-windows-amd64-cygwin\jdk8u131\8869\hotspot\src\share\vm\cl
Event: 26.615 Thread 0x000000000553b000 Exception <a 'java/lang/ClassNotFoundException': org/springframework/boot/autoconfigure/template/AbstractTemplateViewResolverPropertiesCustomizer> (0x00000000e7147590) thrown at [C:\re\workspace\8-2-build-windows-amd64-cygwin\jdk8u131\8869\hotspot\src\sha
Event: 26.618 Thread 0x000000000553b000 Exception <a 'java/lang/ClassNotFoundException': org/springframework/boot/autoconfigure/freemarker/FreeMarkerPropertiesCustomizer> (0x00000000e7199170) thrown at [C:\re\workspace\8-2-build-windows-amd64-cygwin\jdk8u131\8869\hotspot\src\share\vm\classfile\
Event: 26.624 Thread 0x000000000553b000 Exception <a 'java/lang/ClassNotFoundException': java/lang/ObjectCustomizer> (0x00000000e71e4680) thrown at [C:\re\workspace\8-2-build-windows-amd64-cygwin\jdk8u131\8869\hotspot\src\share\vm\classfile\systemDictionary.cpp, line 210]
Event: 26.626 Thread 0x000000000553b000 Exception <a 'java/lang/ClassNotFoundException': org/springframework/boot/autoconfigure/freemarker/AbstractFreeMarkerConfigurationCustomizer> (0x00000000e7225e68) thrown at [C:\re\workspace\8-2-build-windows-amd64-cygwin\jdk8u131\8869\hotspot\src\share\vm
Event: 26.628 Thread 0x000000000553b000 Exception <a 'java/lang/ClassNotFoundException': org/springframework/boot/autoconfigure/freemarker/FreeMarkerServletWebConfigurationCustomizer> (0x00000000e7265730) thrown at [C:\re\workspace\8-2-build-windows-amd64-cygwin\jdk8u131\8869\hotspot\src\share\
Event: 26.631 Thread 0x000000000553b000 Exception <a 'java/lang/ClassNotFoundException': org/springframework/boot/autoconfigure/freemarker/FreeMarkerServletWebConfiguration$$EnhancerBySpringCGLIB$$f6a76a30Customizer> (0x00000000e72cd440) thrown at [C:\re\workspace\8-2-build-windows-amd64-cygwin
Event: 26.633 Thread 0x000000000553b000 Exception <a 'java/lang/ClassNotFoundException': org/springframework/context/annotation/ConfigurationClassEnhancer$EnhancedConfigurationCustomizer> (0x00000000e7317f90) thrown at [C:\re\workspace\8-2-build-windows-amd64-cygwin\jdk8u131\8869\hotspot\src\sh

Events (10 events):
Event: 26.633 Thread 0x000000000553b000 DEOPT PACKING pc=0x0000000005e1a29c sp=0x000000000552ce20
Event: 26.633 Thread 0x000000000553b000 DEOPT UNPACKING pc=0x000000000577747f sp=0x000000000552cb78 mode 1
Event: 26.633 Thread 0x000000000553b000 DEOPT PACKING pc=0x0000000005e46e1c sp=0x000000000552cfb0
Event: 26.633 Thread 0x000000000553b000 DEOPT UNPACKING pc=0x000000000577747f sp=0x000000000552cd50 mode 1
Event: 26.633 Thread 0x000000000553b000 DEOPT PACKING pc=0x00000000065638ec sp=0x000000000552d080
Event: 26.633 Thread 0x000000000553b000 DEOPT UNPACKING pc=0x000000000577747f sp=0x000000000552ce08 mode 1
Event: 26.635 Thread 0x000000000553b000 DEOPT PACKING pc=0x00000000059cb41c sp=0x000000000552c9b0
Event: 26.635 Thread 0x000000000553b000 DEOPT UNPACKING pc=0x000000000577747f sp=0x000000000552c700 mode 1
Event: 26.643 Thread 0x000000000553b000 DEOPT PACKING pc=0x00000000059cb41c sp=0x000000000552c9b0
Event: 26.643 Thread 0x000000000553b000 DEOPT UNPACKING pc=0x000000000577747f sp=0x000000000552c700 mode 1


Dynamic libraries:
0x00007ff658740000 - 0x00007ff658777000 	D:\Program Files\Java\jdk1.8.0_131\bin\java.exe
0x00007ff92a900000 - 0x00007ff92aae0000 	C:\Windows\SYSTEM32\ntdll.dll
0x00007ff92a5e0000 - 0x00007ff92a68e000 	C:\Windows\System32\KERNEL32.DLL
0x00007ff927550000 - 0x00007ff9277b6000 	C:\Windows\System32\KERNELBASE.dll
0x00007ff92a780000 - 0x00007ff92a821000 	C:\Windows\System32\ADVAPI32.dll
0x00007ff92a830000 - 0x00007ff92a8cd000 	C:\Windows\System32\msvcrt.dll
0x00007ff9280a0000 - 0x00007ff9280fb000 	C:\Windows\System32\sechost.dll
0x00007ff927ed0000 - 0x00007ff927fef000 	C:\Windows\System32\RPCRT4.dll
0x00007ff9289b0000 - 0x00007ff928b3f000 	C:\Windows\System32\USER32.dll
0x00007ff927950000 - 0x00007ff927970000 	C:\Windows\System32\win32u.dll
0x00007ff928210000 - 0x00007ff928238000 	C:\Windows\System32\GDI32.dll
0x00007ff927970000 - 0x00007ff927b03000 	C:\Windows\System32\gdi32full.dll
0x00007ff927b60000 - 0x00007ff927bfb000 	C:\Windows\System32\msvcp_win.dll
0x00007ff927450000 - 0x00007ff927546000 	C:\Windows\System32\ucrtbase.dll
0x00007ff91b5e0000 - 0x00007ff91b849000 	C:\Windows\WinSxS\amd64_microsoft.windows.common-controls_6595b64144ccf1df_6.0.16299.431_none_15c7d3ee93659e73\COMCTL32.dll
0x00007ff928250000 - 0x00007ff928558000 	C:\Windows\System32\combase.dll
0x00007ff9277c0000 - 0x00007ff927832000 	C:\Windows\System32\bcryptPrimitives.dll
0x00007ff927ea0000 - 0x00007ff927ecd000 	C:\Windows\System32\IMM32.DLL
0x00000000776b0000 - 0x0000000077782000 	D:\Program Files\Java\jdk1.8.0_131\jre\bin\msvcr100.dll
0x0000000075fb0000 - 0x000000007684c000 	D:\Program Files\Java\jdk1.8.0_131\jre\bin\server\jvm.dll
0x00007ff929130000 - 0x00007ff929138000 	C:\Windows\System32\PSAPI.DLL
0x00007ff91faa0000 - 0x00007ff91faa9000 	C:\Windows\SYSTEM32\WSOCK32.dll
0x00007ff91f120000 - 0x00007ff91f12a000 	C:\Windows\SYSTEM32\VERSION.dll
0x00007ff924be0000 - 0x00007ff924c03000 	C:\Windows\SYSTEM32\WINMM.dll
0x00007ff92a690000 - 0x00007ff92a6fc000 	C:\Windows\System32\WS2_32.dll
0x00007ff924bb0000 - 0x00007ff924bda000 	C:\Windows\SYSTEM32\winmmbase.dll
0x00007ff927b10000 - 0x00007ff927b5a000 	C:\Windows\System32\cfgmgr32.dll
0x00000000776a0000 - 0x00000000776af000 	D:\Program Files\Java\jdk1.8.0_131\jre\bin\verify.dll
0x0000000077670000 - 0x0000000077699000 	D:\Program Files\Java\jdk1.8.0_131\jre\bin\java.dll
0x0000000077610000 - 0x0000000077645000 	D:\Program Files\Java\jdk1.8.0_131\jre\bin\jdwp.dll
0x0000000077520000 - 0x0000000077528000 	D:\Program Files\Java\jdk1.8.0_131\jre\bin\npt.dll
0x00000000774f0000 - 0x0000000077513000 	D:\Program Files\Java\jdk1.8.0_131\jre\bin\instrument.dll
0x0000000077650000 - 0x0000000077666000 	D:\Program Files\Java\jdk1.8.0_131\jre\bin\zip.dll
0x00007ff9291a0000 - 0x00007ff92a5d8000 	C:\Windows\System32\SHELL32.dll
0x00007ff927ff0000 - 0x00007ff928096000 	C:\Windows\System32\shcore.dll
0x00007ff926d00000 - 0x00007ff927447000 	C:\Windows\System32\windows.storage.dll
0x00007ff929140000 - 0x00007ff929191000 	C:\Windows\System32\shlwapi.dll
0x00007ff926cc0000 - 0x00007ff926cd1000 	C:\Windows\System32\kernel.appcore.dll
0x00007ff926c70000 - 0x00007ff926cbc000 	C:\Windows\System32\powrprof.dll
0x00007ff926c50000 - 0x00007ff926c6b000 	C:\Windows\System32\profapi.dll
0x00000000774e0000 - 0x00000000774e9000 	D:\Program Files\Java\jdk1.8.0_131\jre\bin\dt_socket.dll
0x00007ff9264e0000 - 0x00007ff926546000 	C:\Windows\system32\mswsock.dll
0x00000000774c0000 - 0x00000000774da000 	D:\Program Files\Java\jdk1.8.0_131\jre\bin\net.dll
0x00007ff926270000 - 0x00007ff9262a9000 	C:\Windows\SYSTEM32\IPHLPAPI.DLL
0x00007ff928240000 - 0x00007ff928248000 	C:\Windows\System32\NSI.dll
0x00007ff920920000 - 0x00007ff920936000 	C:\Windows\SYSTEM32\dhcpcsvc6.DLL
0x00007ff9209d0000 - 0x00007ff9209ea000 	C:\Windows\SYSTEM32\dhcpcsvc.DLL
0x00007ff9262b0000 - 0x00007ff926366000 	C:\Windows\SYSTEM32\DNSAPI.dll
0x00007ff91ac10000 - 0x00007ff91ac1a000 	C:\Windows\System32\rasadhlp.dll
0x00007ff91ac30000 - 0x00007ff91aca0000 	C:\Windows\System32\fwpuclnt.dll
0x00007ff9267b0000 - 0x00007ff9267d5000 	C:\Windows\SYSTEM32\bcrypt.dll
0x0000000075f80000 - 0x0000000075f8d000 	D:\Program Files\Java\jdk1.8.0_131\jre\bin\management.dll
0x00007ff917910000 - 0x00007ff917926000 	C:\Windows\system32\napinsp.dll
0x00007ff9178f0000 - 0x00007ff91790a000 	C:\Windows\system32\pnrpnsp.dll
0x00007ff9238d0000 - 0x00007ff9238e8000 	C:\Windows\system32\NLAapi.dll
0x00007ff9178e0000 - 0x00007ff9178ee000 	C:\Windows\System32\winrnr.dll
0x00007ff9178c0000 - 0x00007ff9178d5000 	C:\Windows\System32\wshbth.dll
0x0000000075f90000 - 0x0000000075fa1000 	D:\Program Files\Java\jdk1.8.0_131\jre\bin\nio.dll
0x00007ff9266a0000 - 0x00007ff9266b7000 	C:\Windows\SYSTEM32\CRYPTSP.dll
0x00007ff9260e0000 - 0x00007ff926113000 	C:\Windows\system32\rsaenh.dll
0x00007ff926b80000 - 0x00007ff926ba9000 	C:\Windows\SYSTEM32\USERENV.dll
0x00007ff9266c0000 - 0x00007ff9266cb000 	C:\Windows\SYSTEM32\CRYPTBASE.dll

VM Arguments:
jvm_args: -agentlib:jdwp=transport=dt_socket,address=127.0.0.1:14419,suspend=y,server=n -javaagent:C:\Users\chenshi\AppData\Local\Temp\capture3152jars\debugger-agent.jar=file:/C:/Users/chenshi/AppData/Local/Temp/capture1.props -Dfile.encoding=UTF-8 
java_command: com.cmss.ribbon.RibbonApplication
java_class_path (initial): D:\Program Files\Java\jdk1.8.0_131\jre\lib\charsets.jar;D:\Program Files\Java\jdk1.8.0_131\jre\lib\deploy.jar;D:\Program Files\Java\jdk1.8.0_131\jre\lib\ext\access-bridge-64.jar;D:\Program Files\Java\jdk1.8.0_131\jre\lib\ext\cldrdata.jar;D:\Program Files\Java\jdk1.8.0_131\jre\lib\ext\dnsns.jar;D:\Program Files\Java\jdk1.8.0_131\jre\lib\ext\jaccess.jar;D:\Program Files\Java\jdk1.8.0_131\jre\lib\ext\jfxrt.jar;D:\Program Files\Java\jdk1.8.0_131\jre\lib\ext\localedata.jar;D:\Program Files\Java\jdk1.8.0_131\jre\lib\ext\nashorn.jar;D:\Program Files\Java\jdk1.8.0_131\jre\lib\ext\sunec.jar;D:\Program Files\Java\jdk1.8.0_131\jre\lib\ext\sunjce_provider.jar;D:\Program Files\Java\jdk1.8.0_131\jre\lib\ext\sunmscapi.jar;D:\Program Files\Java\jdk1.8.0_131\jre\lib\ext\sunpkcs11.jar;D:\Program Files\Java\jdk1.8.0_131\jre\lib\ext\zipfs.jar;D:\Program Files\Java\jdk1.8.0_131\jre\lib\javaws.jar;D:\Program Files\Java\jdk1.8.0_131\jre\lib\jce.jar;D:\Program Files\Java\jdk1.8.0_131\jre\lib\jfr.jar;D:\Program Files\Java\jdk1.8.0_131\jre\lib\jfxswt.jar;D:\Program Files\Java\jdk1.8.0_131\jre\lib\jsse.jar;D:\Program Files\Java\jdk1.8.0_131\jre\lib\management-agent.jar;D:\Program Files\Java\jdk1.8.0_131\jre\lib\plugin.jar;D:\Program Files\Java\jdk1.8.0_131\jre\lib\resources.jar;D:\Program Files\Java\jdk1.8.0_131\jre\lib\rt.jar;D:\Program Files\JetBrains\IntelliJ IDEA 2018.1.2\idea_projects\mydytt\ribbon\target\classes;C:\Users\chenshi\.m2\repository\org\springframework\cloud\spring-cloud-starter-netflix-eureka-server\2.0.1.RELEASE\spring-cloud-starter-netflix-eureka-server-2.0.1.RELEASE.jar;C:\Users\chenshi\.m2\repository\org\springframework\cloud\spring-cloud-netflix-eureka-server\2.0.1.RELEASE\spring-cloud-netflix-eureka-server-2.0.1.RELEASE.jar;C:\Users\chenshi\.m2\repository\org\springframework\boot\spring-boot-starter-freemarker\2.0.6.RELEASE\spring-boot-starter-freemarker-2.0.6.RELEASE.jar;C:\Users\chenshi\.m2\repository\org\freemarker\freemarker\2.3.28\free
Launcher Type: SUN_STANDARD

Environment Variables:
JAVA_HOME=D:\Program Files\Java\jdk1.8.0_131
CLASSPATH=.;D:\Program Files\Java\jdk1.8.0_131\lib;D:\Program Files\Java\jdk1.8.0_131\lib\dt.jar;D:\Program Files\Java\jdk1.8.0_131\lib\tools.jar
PATH=C:\Program Files (x86)\Common Files\Oracle\Java\javapath;C:\ProgramData\Oracle\Java\javapath;C:\Program Files (x86)\Common Files\Intel\Shared Libraries\redist\intel64\compiler;C:\Windows\system32;C:\Windows;C:\Windows\System32\Wbem;C:\Windows\System32\WindowsPowerShell\v1.0\;G:\Git\cmd;";D:\Program Files\Java\jdk1.8.0_131\bin;D:\Program Files\Java\jdk1.8.0_131\jre\bin";P:\Git\cmd;D:\Program Files\Git\cmd;"D:\Program Files\erl10.1\bin;";"D:\Program Files\RabbitMQ Server\rabbitmq_server-3.7.8\sbin;";C:\Users\chenshi\AppData\Local\Microsoft\WindowsApps;
USERNAME=chenshi
OS=Windows_NT
PROCESSOR_IDENTIFIER=Intel64 Family 6 Model 158 Stepping 9, GenuineIntel



---------------  S Y S T E M  ---------------

OS: Windows 10.0 , 64 bit Build 16299 (10.0.16299.431)

CPU:total 4 (initial active 4) (2 cores per cpu, 2 threads per core) family 6 model 158 stepping 9, cmov, cx8, fxsr, mmx, sse, sse2, sse3, ssse3, sse4.1, sse4.2, popcnt, aes, clmul, erms, 3dnowpref, lzcnt, ht, tsc, tscinvbit

Memory: 4k page, physical 8275224k(729216k free), swap 15805024k(6040k free)

vm_info: Java HotSpot(TM) 64-Bit Server VM (25.131-b11) for windows-amd64 JRE (1.8.0_131-b11), built on Mar 15 2017 01:23:53 by "java_re" with MS VC++ 10.0 (VS2010)

time: Sun Oct 28 20:48:05 2018
elapsed time: 26 seconds (0d 0h 0m 26s)

