#
# There is insufficient memory for the Java Runtime Environment to continue.
# Native memory allocation (malloc) failed to allocate 143456 bytes for Chunk::new
# Possible reasons:
#   The system is out of physical RAM or swap space
#   In 32 bit mode, the process size limit was hit
# Possible solutions:
#   Reduce memory load on the system
#   Increase physical memory or swap space
#   Check if swap backing store is full
#   Use 64 bit Java on a 64 bit OS
#   Decrease Java heap size (-Xmx/-Xms)
#   Decrease number of Java threads
#   Decrease Java thread stack sizes (-Xss)
#   Set larger code cache with -XX:ReservedCodeCacheSize=
# This output file may be truncated or incomplete.
#
#  Out of Memory Error (allocation.cpp:390), pid=9676, tid=0x0000000000001b9c
#
# JRE version: Java(TM) SE Runtime Environment (8.0_131-b11) (build 1.8.0_131-b11)
# Java VM: Java HotSpot(TM) 64-Bit Server VM (25.131-b11 mixed mode windows-amd64 compressed oops)
# Failed to write core dump. Minidumps are not enabled by default on client versions of Windows
#

---------------  T H R E A D  ---------------

Current thread (0x000000001b6ab000):  JavaThread "C2 CompilerThread1" daemon [_thread_in_native, id=7068, stack(0x000000001bc90000,0x000000001bd90000)]

Stack: [0x000000001bc90000,0x000000001bd90000]
[error occurred during error reporting (printing stack bounds), id 0xc0000005]

Native frames: (J=compiled Java code, j=interpreted, Vv=VM code, C=native code)


Current CompileTask:
C2:   1720    4       4       java.lang.String::toLowerCase (439 bytes)


---------------  P R O C E S S  ---------------

Java Threads: ( => current thread )
  0x000000001b7be800 JavaThread "Service Thread" daemon [_thread_blocked, id=10944, stack(0x000000001be90000,0x000000001bf90000)]
  0x000000001b6ac000 JavaThread "C1 CompilerThread2" daemon [_thread_blocked, id=18928, stack(0x000000001bd90000,0x000000001be90000)]
=>0x000000001b6ab000 JavaThread "C2 CompilerThread1" daemon [_thread_in_native, id=7068, stack(0x000000001bc90000,0x000000001bd90000)]
  0x000000001b741000 JavaThread "C2 CompilerThread0" daemon [_thread_blocked, id=16592, stack(0x000000001bb90000,0x000000001bc90000)]
  0x0000000019678000 JavaThread "JDWP Command Reader" daemon [_thread_in_native, id=8592, stack(0x000000001b290000,0x000000001b390000)]
  0x0000000019674800 JavaThread "JDWP Event Helper Thread" daemon [_thread_blocked, id=2736, stack(0x000000001b190000,0x000000001b290000)]
  0x0000000019666000 JavaThread "JDWP Transport Listener: dt_socket" daemon [_thread_blocked, id=2288, stack(0x000000001b090000,0x000000001b190000)]
  0x000000001aad2800 JavaThread "Attach Listener" daemon [_thread_blocked, id=4604, stack(0x000000001af90000,0x000000001b090000)]
  0x000000001964b000 JavaThread "Signal Dispatcher" daemon [_thread_blocked, id=17692, stack(0x000000001ae90000,0x000000001af90000)]
  0x00000000049ed800 JavaThread "Finalizer" daemon [_thread_blocked, id=8776, stack(0x000000001a890000,0x000000001a990000)]
  0x00000000195f9000 JavaThread "Reference Handler" daemon [_thread_blocked, id=15680, stack(0x000000001a790000,0x000000001a890000)]
  0x00000000048fb000 JavaThread "main" [_thread_in_vm, id=15792, stack(0x00000000047f0000,0x00000000048f0000)]

Other Threads:
  0x00000000195f8000 VMThread [stack: 0x000000001a690000,0x000000001a790000] [id=6648]

VM state:not at safepoint (normal execution)

VM Mutex/Monitor currently owned by a thread: None

Heap:
 PSYoungGen      total 38400K, used 7810K [0x00000000d5e00000, 0x00000000d8880000, 0x0000000100000000)
  eden space 33280K, 23% used [0x00000000d5e00000,0x00000000d65a09b8,0x00000000d7e80000)
  from space 5120K, 0% used [0x00000000d8380000,0x00000000d8380000,0x00000000d8880000)
  to   space 5120K, 0% used [0x00000000d7e80000,0x00000000d7e80000,0x00000000d8380000)
 ParOldGen       total 87552K, used 0K [0x0000000081a00000, 0x0000000086f80000, 0x00000000d5e00000)
  object space 87552K, 0% used [0x0000000081a00000,0x0000000081a00000,0x0000000086f80000)
 Metaspace       used 3302K, capacity 4568K, committed 4864K, reserved 1056768K
  class space    used 354K, capacity 392K, committed 512K, reserved 1048576K

Card table byte_map: [0x0000000013eb0000,0x00000000142b0000] byte_map_base: 0x0000000013aa3000

Marking Bits: (ParMarkBitMap*) 0x00000000767cc720
 Begin Bits: [0x0000000014960000, 0x00000000168f8000)
 End Bits:   [0x00000000168f8000, 0x0000000018890000)

Polling page: 0x0000000002740000

CodeCache: size=245760Kb used=1083Kb max_used=1095Kb free=244676Kb
 bounds [0x0000000004af0000, 0x0000000004d60000, 0x0000000013af0000]
 total_blobs=249 nmethods=12 adapters=160
 compilation: enabled

Compilation events (10 events):
Event: 1.713 Thread 0x000000001b6ac000    7       3       java.lang.String::substring (79 bytes)
Event: 1.713 Thread 0x000000001b6ac000 nmethod 7 0x0000000004bf4ed0 code [0x0000000004bf50a0, 0x0000000004bf5598]
Event: 1.713 Thread 0x000000001b6ac000   13       3       java.lang.String::<init> (82 bytes)
Event: 1.714 Thread 0x000000001b6ac000 nmethod 13 0x0000000004bfe990 code [0x0000000004bfeb60, 0x0000000004bff098]
Event: 1.714 Thread 0x000000001b6ac000   10       3       java.util.HashMap::hash (20 bytes)
Event: 1.714 Thread 0x000000001b6ac000 nmethod 10 0x0000000004bf4a50 code [0x0000000004bf4bc0, 0x0000000004bf4e28]
Event: 1.714 Thread 0x000000001b6ac000   11       3       java.lang.String::indexOf (7 bytes)
Event: 1.714 Thread 0x000000001b6ac000 nmethod 11 0x0000000004bf4610 code [0x0000000004bf4780, 0x0000000004bf49a8]
Event: 1.717 Thread 0x000000001b741000 nmethod 5% 0x0000000004bfe450 code [0x0000000004bfe5a0, 0x0000000004bfe858]
Event: 1.717 Thread 0x000000001b741000    8       4       java.lang.String::hashCode (55 bytes)

GC Heap History (0 events):
No events

Deoptimization events (0 events):
No events

Internal exceptions (2 events):
Event: 0.149 Thread 0x00000000048fb000 Exception <a 'java/lang/NoSuchMethodError': Method sun.misc.Unsafe.defineClass(Ljava/lang/String;[BII)Ljava/lang/Class; name or signature does not match> (0x00000000d5e07ca8) thrown at [C:\re\workspace\8-2-build-windows-amd64-cygwin\jdk8u131\8869\hotspot\
Event: 0.149 Thread 0x00000000048fb000 Exception <a 'java/lang/NoSuchMethodError': Method sun.misc.Unsafe.prefetchRead(Ljava/lang/Object;J)V name or signature does not match> (0x00000000d5e07f90) thrown at [C:\re\workspace\8-2-build-windows-amd64-cygwin\jdk8u131\8869\hotspot\src\share\vm\prims

Events (10 events):
Event: 1.712 loading class java/lang/ProcessEnvironment done
Event: 1.712 loading class java/lang/ProcessEnvironment$NameComparator
Event: 1.712 loading class java/lang/ProcessEnvironment$NameComparator done
Event: 1.712 loading class java/lang/ProcessEnvironment$EntryComparator
Event: 1.712 loading class java/lang/ProcessEnvironment$EntryComparator done
Event: 1.712 loading class java/util/Collections$UnmodifiableMap
Event: 1.713 loading class java/util/Collections$UnmodifiableMap done
Event: 1.714 loading class java/lang/ProcessEnvironment$CheckedEntrySet
Event: 1.715 loading class java/lang/ProcessEnvironment$CheckedEntrySet done
Event: 1.717 loading class java/util/HashMap$EntrySet


Dynamic libraries:
0x00007ff658740000 - 0x00007ff658777000 	D:\Program Files\Java\jdk1.8.0_131\bin\java.exe
0x00007ff92a900000 - 0x00007ff92aae0000 	C:\Windows\SYSTEM32\ntdll.dll
0x00007ff92a5e0000 - 0x00007ff92a68e000 	C:\Windows\System32\KERNEL32.DLL
0x00007ff927550000 - 0x00007ff9277b6000 	C:\Windows\System32\KERNELBASE.dll
0x00007ff92a780000 - 0x00007ff92a821000 	C:\Windows\System32\ADVAPI32.dll
0x00007ff92a830000 - 0x00007ff92a8cd000 	C:\Windows\System32\msvcrt.dll
0x00007ff9280a0000 - 0x00007ff9280fb000 	C:\Windows\System32\sechost.dll
0x00007ff927ed0000 - 0x00007ff927fef000 	C:\Windows\System32\RPCRT4.dll
0x00007ff9289b0000 - 0x00007ff928b3f000 	C:\Windows\System32\USER32.dll
0x00007ff927950000 - 0x00007ff927970000 	C:\Windows\System32\win32u.dll
0x00007ff928210000 - 0x00007ff928238000 	C:\Windows\System32\GDI32.dll
0x00007ff927970000 - 0x00007ff927b03000 	C:\Windows\System32\gdi32full.dll
0x00007ff927b60000 - 0x00007ff927bfb000 	C:\Windows\System32\msvcp_win.dll
0x00007ff927450000 - 0x00007ff927546000 	C:\Windows\System32\ucrtbase.dll
0x00007ff91b5e0000 - 0x00007ff91b849000 	C:\Windows\WinSxS\amd64_microsoft.windows.common-controls_6595b64144ccf1df_6.0.16299.431_none_15c7d3ee93659e73\COMCTL32.dll
0x00007ff928250000 - 0x00007ff928558000 	C:\Windows\System32\combase.dll
0x00007ff9277c0000 - 0x00007ff927832000 	C:\Windows\System32\bcryptPrimitives.dll
0x00007ff927ea0000 - 0x00007ff927ecd000 	C:\Windows\System32\IMM32.DLL
0x00000000776b0000 - 0x0000000077782000 	D:\Program Files\Java\jdk1.8.0_131\jre\bin\msvcr100.dll
0x0000000075fb0000 - 0x000000007684c000 	D:\Program Files\Java\jdk1.8.0_131\jre\bin\server\jvm.dll
0x00007ff929130000 - 0x00007ff929138000 	C:\Windows\System32\PSAPI.DLL
0x00007ff91faa0000 - 0x00007ff91faa9000 	C:\Windows\SYSTEM32\WSOCK32.dll
0x00007ff92a690000 - 0x00007ff92a6fc000 	C:\Windows\System32\WS2_32.dll
0x00007ff924be0000 - 0x00007ff924c03000 	C:\Windows\SYSTEM32\WINMM.dll
0x00007ff91f120000 - 0x00007ff91f12a000 	C:\Windows\SYSTEM32\VERSION.dll
0x00007ff924bb0000 - 0x00007ff924bda000 	C:\Windows\SYSTEM32\WINMMBASE.dll
0x00007ff927b10000 - 0x00007ff927b5a000 	C:\Windows\System32\cfgmgr32.dll
0x00000000776a0000 - 0x00000000776af000 	D:\Program Files\Java\jdk1.8.0_131\jre\bin\verify.dll
0x0000000077670000 - 0x0000000077699000 	D:\Program Files\Java\jdk1.8.0_131\jre\bin\java.dll
0x0000000077610000 - 0x0000000077645000 	D:\Program Files\Java\jdk1.8.0_131\jre\bin\jdwp.dll
0x0000000077520000 - 0x0000000077528000 	D:\Program Files\Java\jdk1.8.0_131\jre\bin\npt.dll
0x00000000774f0000 - 0x0000000077513000 	D:\Program Files\Java\jdk1.8.0_131\jre\bin\instrument.dll
0x0000000077650000 - 0x0000000077666000 	D:\Program Files\Java\jdk1.8.0_131\jre\bin\zip.dll
0x00007ff9291a0000 - 0x00007ff92a5d8000 	C:\Windows\System32\SHELL32.dll
0x00007ff927ff0000 - 0x00007ff928096000 	C:\Windows\System32\shcore.dll
0x00007ff926d00000 - 0x00007ff927447000 	C:\Windows\System32\windows.storage.dll
0x00007ff929140000 - 0x00007ff929191000 	C:\Windows\System32\shlwapi.dll
0x00007ff926cc0000 - 0x00007ff926cd1000 	C:\Windows\System32\kernel.appcore.dll
0x00007ff926c70000 - 0x00007ff926cbc000 	C:\Windows\System32\powrprof.dll
0x00007ff926c50000 - 0x00007ff926c6b000 	C:\Windows\System32\profapi.dll
0x00000000774e0000 - 0x00000000774e9000 	D:\Program Files\Java\jdk1.8.0_131\jre\bin\dt_socket.dll
0x00007ff9264e0000 - 0x00007ff926546000 	C:\Windows\system32\mswsock.dll

VM Arguments:
jvm_args: -agentlib:jdwp=transport=dt_socket,address=127.0.0.1:13842,suspend=y,server=n -javaagent:C:\Users\chenshi\AppData\Local\Temp\capture11059jars\debugger-agent.jar=file:/C:/Users/chenshi/AppData/Local/Temp/capture.props -Dfile.encoding=UTF-8 
java_command: com.cmss.ribbon.RibbonApplication
java_class_path (initial): D:\Program Files\Java\jdk1.8.0_131\jre\lib\charsets.jar;D:\Program Files\Java\jdk1.8.0_131\jre\lib\deploy.jar;D:\Program Files\Java\jdk1.8.0_131\jre\lib\ext\access-bridge-64.jar;D:\Program Files\Java\jdk1.8.0_131\jre\lib\ext\cldrdata.jar;D:\Program Files\Java\jdk1.8.0_131\jre\lib\ext\dnsns.jar;D:\Program Files\Java\jdk1.8.0_131\jre\lib\ext\jaccess.jar;D:\Program Files\Java\jdk1.8.0_131\jre\lib\ext\jfxrt.jar;D:\Program Files\Java\jdk1.8.0_131\jre\lib\ext\localedata.jar;D:\Program Files\Java\jdk1.8.0_131\jre\lib\ext\nashorn.jar;D:\Program Files\Java\jdk1.8.0_131\jre\lib\ext\sunec.jar;D:\Program Files\Java\jdk1.8.0_131\jre\lib\ext\sunjce_provider.jar;D:\Program Files\Java\jdk1.8.0_131\jre\lib\ext\sunmscapi.jar;D:\Program Files\Java\jdk1.8.0_131\jre\lib\ext\sunpkcs11.jar;D:\Program Files\Java\jdk1.8.0_131\jre\lib\ext\zipfs.jar;D:\Program Files\Java\jdk1.8.0_131\jre\lib\javaws.jar;D:\Program Files\Java\jdk1.8.0_131\jre\lib\jce.jar;D:\Program Files\Java\jdk1.8.0_131\jre\lib\jfr.jar;D:\Program Files\Java\jdk1.8.0_131\jre\lib\jfxswt.jar;D:\Program Files\Java\jdk1.8.0_131\jre\lib\jsse.jar;D:\Program Files\Java\jdk1.8.0_131\jre\lib\management-agent.jar;D:\Program Files\Java\jdk1.8.0_131\jre\lib\plugin.jar;D:\Program Files\Java\jdk1.8.0_131\jre\lib\resources.jar;D:\Program Files\Java\jdk1.8.0_131\jre\lib\rt.jar;D:\Program Files\JetBrains\IntelliJ IDEA 2018.1.2\idea_projects\mydytt\ribbon\target\classes;C:\Users\chenshi\.m2\repository\org\springframework\cloud\spring-cloud-starter-netflix-eureka-server\2.0.1.RELEASE\spring-cloud-starter-netflix-eureka-server-2.0.1.RELEASE.jar;C:\Users\chenshi\.m2\repository\org\springframework\cloud\spring-cloud-netflix-eureka-server\2.0.1.RELEASE\spring-cloud-netflix-eureka-server-2.0.1.RELEASE.jar;C:\Users\chenshi\.m2\repository\org\springframework\boot\spring-boot-starter-freemarker\2.0.6.RELEASE\spring-boot-starter-freemarker-2.0.6.RELEASE.jar;C:\Users\chenshi\.m2\repository\org\freemarker\freemarker\2.3.28\free
Launcher Type: SUN_STANDARD

Environment Variables:
JAVA_HOME=D:\Program Files\Java\jdk1.8.0_131
CLASSPATH=.;D:\Program Files\Java\jdk1.8.0_131\lib;D:\Program Files\Java\jdk1.8.0_131\lib\dt.jar;D:\Program Files\Java\jdk1.8.0_131\lib\tools.jar
PATH=C:\Program Files (x86)\Common Files\Oracle\Java\javapath;C:\ProgramData\Oracle\Java\javapath;C:\Program Files (x86)\Common Files\Intel\Shared Libraries\redist\intel64\compiler;C:\Windows\system32;C:\Windows;C:\Windows\System32\Wbem;C:\Windows\System32\WindowsPowerShell\v1.0\;G:\Git\cmd;";D:\Program Files\Java\jdk1.8.0_131\bin;D:\Program Files\Java\jdk1.8.0_131\jre\bin";P:\Git\cmd;D:\Program Files\Git\cmd;"D:\Program Files\erl10.1\bin;";"D:\Program Files\RabbitMQ Server\rabbitmq_server-3.7.8\sbin;";C:\Users\chenshi\AppData\Local\Microsoft\WindowsApps;
USERNAME=chenshi
OS=Windows_NT
PROCESSOR_IDENTIFIER=Intel64 Family 6 Model 158 Stepping 9, GenuineIntel



---------------  S Y S T E M  ---------------

OS: Windows 10.0 , 64 bit Build 16299 (10.0.16299.431)

CPU:total 4 (initial active 4) (2 cores per cpu, 2 threads per core) family 6 model 158 stepping 9, cmov, cx8, fxsr, mmx, sse, sse2, sse3, ssse3, sse4.1, sse4.2, popcnt, aes, clmul, erms, 3dnowpref, lzcnt, ht, tsc, tscinvbit

Memory: 4k page, physical 8275224k(910772k free), swap 15805024k(2036k free)

vm_info: Java HotSpot(TM) 64-Bit Server VM (25.131-b11) for windows-amd64 JRE (1.8.0_131-b11), built on Mar 15 2017 01:23:53 by "java_re" with MS VC++ 10.0 (VS2010)

time: Sun Oct 28 20:46:36 2018
elapsed time: 1 seconds (0d 0h 0m 1s)

