2019-11-22 23:31:56.143  INFO 6920 --- [restartedMain] c.c.c.ConfigServicePropertySourceLocator : Fetching config from server at : http://localhost:8888
2019-11-22 23:32:05.192  INFO 6920 --- [restartedMain] c.c.c.ConfigServicePropertySourceLocator : Located environment: name=mysql, profiles=[pro], label=master, version=b9bfe6f80275744b1f5e6cc9ad2a1b85f8576e25, state=null
2019-11-22 23:32:05.195  INFO 6920 --- [restartedMain] b.c.PropertySourceBootstrapConfiguration : Located property source: CompositePropertySource {name='configService', propertySources=[MapPropertySource {name='configClient'}, MapPropertySource {name='https://github.com/chenshi91/mydytt-config.git/dytt/mysql-pro.properties'}]}
2019-11-22 23:32:05.320  INFO 6920 --- [restartedMain] com.dytt.module.movie.MovieApplication   : The following profiles are active: eureka,mail,redis,kafka,hystrix,feign
2019-11-22 23:32:14.448  INFO 6920 --- [restartedMain] .s.d.r.c.RepositoryConfigurationDelegate : Multiple Spring Data modules found, entering strict repository configuration mode!
2019-11-22 23:32:14.468  INFO 6920 --- [restartedMain] .s.d.r.c.RepositoryConfigurationDelegate : Bootstrapping Spring Data repositories in DEFAULT mode.
2019-11-22 23:32:14.730  INFO 6920 --- [restartedMain] .s.d.r.c.RepositoryConfigurationDelegate : Finished Spring Data repository scanning in 196ms. Found 0 repository interfaces.
2019-11-22 23:32:15.533  WARN 6920 --- [restartedMain] o.s.boot.actuate.endpoint.EndpointId     : Endpoint ID 'service-registry' contains invalid characters, please migrate to a valid format.
2019-11-22 23:32:16.837  INFO 6920 --- [restartedMain] o.s.cloud.context.scope.GenericScope     : BeanFactory id=9a23fb4a-26df-3142-9390-8a6664d18fa6
2019-11-22 23:32:17.565  INFO 6920 --- [restartedMain] trationDelegate$BeanPostProcessorChecker : Bean 'org.springframework.transaction.annotation.ProxyTransactionManagementConfiguration' of type [org.springframework.transaction.annotation.ProxyTransactionManagementConfiguration$$EnhancerBySpringCGLIB$$5024b264] is not eligible for getting processed by all BeanPostProcessors (for example: not eligible for auto-proxying)
2019-11-22 23:32:18.264  INFO 6920 --- [restartedMain] trationDelegate$BeanPostProcessorChecker : Bean 'org.springframework.cloud.autoconfigure.ConfigurationPropertiesRebinderAutoConfiguration' of type [org.springframework.cloud.autoconfigure.ConfigurationPropertiesRebinderAutoConfiguration$$EnhancerBySpringCGLIB$$6c3eb561] is not eligible for getting processed by all BeanPostProcessors (for example: not eligible for auto-proxying)
2019-11-22 23:32:21.591  INFO 6920 --- [restartedMain] o.s.b.w.embedded.tomcat.TomcatWebServer  : Tomcat initialized with port(s): 8001 (http)
2019-11-22 23:32:21.690  INFO 6920 --- [restartedMain] o.apache.catalina.core.StandardService   : Starting service [Tomcat]
2019-11-22 23:32:21.694  INFO 6920 --- [restartedMain] org.apache.catalina.core.StandardEngine  : Starting Servlet engine: [Apache Tomcat/9.0.14]
2019-11-22 23:32:21.722  INFO 6920 --- [restartedMain] o.a.catalina.core.AprLifecycleListener   : The APR based Apache Tomcat Native library which allows optimal performance in production environments was not found on the java.library.path: [D:\Program Files\Java\jdk1.8.0_131\bin;C:\WINDOWS\Sun\Java\bin;C:\WINDOWS\system32;C:\WINDOWS;C:\Program Files (x86)\Common Files\Oracle\Java\javapath;C:\ProgramData\Oracle\Java\javapath;C:\Program Files (x86)\Intel\Intel(R) Management Engine Components\iCLS\;C:\Program Files\Intel\Intel(R) Management Engine Components\iCLS\;C:\WINDOWS\system32;C:\WINDOWS;C:\WINDOWS\System32\Wbem;C:\WINDOWS\System32\WindowsPowerShell\v1.0\;C:\WINDOWS\System32\OpenSSH\;C:\Program Files (x86)\Intel\Intel(R) Management Engine Components\DAL;C:\Program Files\Intel\Intel(R) Management Engine Components\DAL;D:\Program Files\Git\cmd;C:\Program Files\nodejs\;C:\winR;C:\Users\39248\AppData\Local\Microsoft\WindowsApps;C:\Users\39248\AppData\Roaming\npm;.]
2019-11-22 23:32:22.626  INFO 6920 --- [restartedMain] o.a.c.c.C.[Tomcat].[localhost].[/]       : Initializing Spring embedded WebApplicationContext
2019-11-22 23:32:22.628  INFO 6920 --- [restartedMain] o.s.web.context.ContextLoader            : Root WebApplicationContext: initialization completed in 17200 ms
2019-11-22 23:32:23.281  WARN 6920 --- [restartedMain] c.n.c.sources.URLConfigurationSource     : No URLs will be polled as dynamic configuration sources.
2019-11-22 23:32:23.282  INFO 6920 --- [restartedMain] c.n.c.sources.URLConfigurationSource     : To enable URLs as dynamic configuration sources, define System property archaius.configurationSource.additionalUrls or make config.properties available on classpath.
2019-11-22 23:32:23.306  INFO 6920 --- [restartedMain] c.netflix.config.DynamicPropertyFactory  : DynamicPropertyFactory is initialized with configuration sources: com.netflix.config.ConcurrentCompositeConfiguration@3072844f
2019-11-22 23:32:31.053  INFO 6920 --- [restartedMain] o.s.cloud.commons.util.InetUtils         : Cannot determine local hostname
2019-11-22 23:32:35.244  INFO 6920 --- [restartedMain] o.s.cloud.commons.util.InetUtils         : Cannot determine local hostname
2019-11-22 23:32:36.768  INFO 6920 --- [restartedMain] com.zaxxer.hikari.HikariDataSource       : HikariPool-1 - Starting...
2019-11-22 23:32:36.771  WARN 6920 --- [restartedMain] com.zaxxer.hikari.util.DriverDataSource  : Registered driver with driverClassName=com.mysql.jdbc.Driver was not found, trying direct instantiation.
2019-11-22 23:32:39.284  INFO 6920 --- [restartedMain] com.zaxxer.hikari.HikariDataSource       : HikariPool-1 - Start completed.
2019-11-22 23:32:40.888  INFO 6920 --- [restartedMain] .s.a.AnnotationAsyncExecutionInterceptor : More than one TaskExecutor bean found within the context, and none is named 'taskExecutor'. Mark one of them as primary or name it 'taskExecutor' (possibly as an alias) in order to use it for async processing: [applicationTaskExecutor, taskScheduler]
2019-11-22 23:32:40.933  INFO 6920 --- [SimpleAsyncTaskExecutor-1] c.d.m.m.t.MyThreadPoolTaskExecutor       : Initializing ExecutorService
2019-11-22 23:32:41.028  INFO 6920 --- [restartedMain] c.d.c.t.MyThreadPoolTaskExecutor         : Initializing ExecutorService
2019-11-22 23:32:41.034  INFO 6920 --- [restartedMain] c.d.c.t.MyThreadPoolTaskExecutor         : Initializing ExecutorService 'asyncThreadPool'
2019-11-22 23:32:41.114  WARN 6920 --- [restartedMain] c.n.c.sources.URLConfigurationSource     : No URLs will be polled as dynamic configuration sources.
2019-11-22 23:32:41.114  INFO 6920 --- [restartedMain] c.n.c.sources.URLConfigurationSource     : To enable URLs as dynamic configuration sources, define System property archaius.configurationSource.additionalUrls or make config.properties available on classpath.
2019-11-22 23:32:43.162  INFO 6920 --- [restartedMain] o.s.s.concurrent.ThreadPoolTaskExecutor  : Initializing ExecutorService 'applicationTaskExecutor'
2019-11-22 23:32:47.499  INFO 6920 --- [restartedMain] o.s.s.c.ThreadPoolTaskScheduler          : Initializing ExecutorService 'taskScheduler'
2019-11-22 23:32:48.060  WARN 6920 --- [restartedMain] o.s.b.d.a.OptionalLiveReloadServer       : Unable to start LiveReload server
2019-11-22 23:32:48.705  INFO 6920 --- [restartedMain] o.s.b.a.e.web.EndpointLinksResolver      : Exposing 2 endpoint(s) beneath base path '/actuator'
2019-11-22 23:32:49.210  INFO 6920 --- [restartedMain] o.s.c.n.eureka.InstanceInfoFactory       : Setting initial instance status as: STARTING
2019-11-22 23:32:49.382  INFO 6920 --- [restartedMain] com.netflix.discovery.DiscoveryClient    : Initializing Eureka in region us-east-1
2019-11-22 23:32:49.586  INFO 6920 --- [restartedMain] c.n.d.provider.DiscoveryJerseyProvider   : Using JSON encoding codec LegacyJacksonJson
2019-11-22 23:32:49.588  INFO 6920 --- [restartedMain] c.n.d.provider.DiscoveryJerseyProvider   : Using JSON decoding codec LegacyJacksonJson
2019-11-22 23:32:50.003  INFO 6920 --- [restartedMain] c.n.d.provider.DiscoveryJerseyProvider   : Using XML encoding codec XStreamXml
2019-11-22 23:32:50.003  INFO 6920 --- [restartedMain] c.n.d.provider.DiscoveryJerseyProvider   : Using XML decoding codec XStreamXml
2019-11-22 23:32:50.675  INFO 6920 --- [restartedMain] c.n.d.s.r.aws.ConfigClusterResolver      : Resolving eureka endpoints via configuration
2019-11-22 23:32:52.306  INFO 6920 --- [restartedMain] com.netflix.discovery.DiscoveryClient    : Disable delta property : false
2019-11-22 23:32:52.307  INFO 6920 --- [restartedMain] com.netflix.discovery.DiscoveryClient    : Single vip registry refresh property : null
2019-11-22 23:32:52.308  INFO 6920 --- [restartedMain] com.netflix.discovery.DiscoveryClient    : Force full registry fetch : false
2019-11-22 23:32:52.309  INFO 6920 --- [restartedMain] com.netflix.discovery.DiscoveryClient    : Application is null : false
2019-11-22 23:32:52.309  INFO 6920 --- [restartedMain] com.netflix.discovery.DiscoveryClient    : Registered Applications size is zero : true
2019-11-22 23:32:52.311  INFO 6920 --- [restartedMain] com.netflix.discovery.DiscoveryClient    : Application version is -1: true
2019-11-22 23:32:52.311  INFO 6920 --- [restartedMain] com.netflix.discovery.DiscoveryClient    : Getting all instance registry info from the eureka server
2019-11-22 23:32:52.782  INFO 6920 --- [restartedMain] com.netflix.discovery.DiscoveryClient    : The response status is 200
2019-11-22 23:32:52.792  INFO 6920 --- [restartedMain] com.netflix.discovery.DiscoveryClient    : Starting heartbeat executor: renew interval is: 30
2019-11-22 23:32:52.801  INFO 6920 --- [restartedMain] c.n.discovery.InstanceInfoReplicator     : InstanceInfoReplicator onDemand update allowed rate per min is 4
2019-11-22 23:32:52.809  INFO 6920 --- [restartedMain] com.netflix.discovery.DiscoveryClient    : Discovery Client initialized at timestamp 1574436772807 with initial instances count: 2
2019-11-22 23:32:52.912  INFO 6920 --- [restartedMain] o.s.c.n.e.s.EurekaServiceRegistry        : Registering application service-module-movie with eureka with status UP
2019-11-22 23:32:52.928  INFO 6920 --- [restartedMain] com.netflix.discovery.DiscoveryClient    : Saw local status change event StatusChangeEvent [timestamp=1574436772928, current=UP, previous=STARTING]
2019-11-22 23:32:52.932  INFO 6920 --- [DiscoveryClient-InstanceInfoReplicator-0] com.netflix.discovery.DiscoveryClient    : DiscoveryClient_SERVICE-MODULE-MOVIE/192.168.240.1:8001: registering service...
2019-11-22 23:32:53.046  INFO 6920 --- [DiscoveryClient-InstanceInfoReplicator-0] com.netflix.discovery.DiscoveryClient    : DiscoveryClient_SERVICE-MODULE-MOVIE/192.168.240.1:8001 - registration status: 204
2019-11-22 23:32:53.093  INFO 6920 --- [restartedMain] o.s.b.w.embedded.tomcat.TomcatWebServer  : Tomcat started on port(s): 8001 (http) with context path ''
2019-11-22 23:32:53.100  INFO 6920 --- [restartedMain] com.dytt.module.movie.MovieApplication   : Started MovieApplication in 68.902 seconds (JVM running for 78.05)
2019-11-22 23:32:54.066  INFO 6920 --- [RMI TCP Connection(10)-127.0.0.1] o.a.c.c.C.[Tomcat].[localhost].[/]       : Initializing Spring DispatcherServlet 'dispatcherServlet'
2019-11-22 23:32:54.068  INFO 6920 --- [RMI TCP Connection(10)-127.0.0.1] o.s.web.servlet.DispatcherServlet        : Initializing Servlet 'dispatcherServlet'
2019-11-22 23:32:54.142  INFO 6920 --- [RMI TCP Connection(10)-127.0.0.1] o.s.web.servlet.DispatcherServlet        : Completed initialization in 72 ms
2019-11-22 23:33:20.372  INFO 6920 --- [RMI TCP Connection(15)-127.0.0.1] c.c.c.ConfigServicePropertySourceLocator : Fetching config from server at : http://localhost:8888
2019-11-22 23:33:27.819  INFO 6920 --- [RMI TCP Connection(15)-127.0.0.1] c.c.c.ConfigServicePropertySourceLocator : Located environment: name=mysql, profiles=[pro], label=master, version=b9bfe6f80275744b1f5e6cc9ad2a1b85f8576e25, state=null
2019-11-22 23:33:28.324  INFO 6920 --- [RMI TCP Connection(15)-127.0.0.1] io.lettuce.core.EpollProvider            : Starting without optional epoll library
2019-11-22 23:33:28.333  INFO 6920 --- [RMI TCP Connection(15)-127.0.0.1] io.lettuce.core.KqueueProvider           : Starting without optional kqueue library
2019-11-22 23:37:05.259 ERROR 6920 --- [scheduling-1] o.s.s.s.TaskUtils$LoggingErrorHandler    : Unexpected error occurred in scheduled task.

java.net.SocketTimeoutException: Read timed out
	at java.net.SocketInputStream.socketRead0(Native Method) ~[na:1.8.0_131]
	at java.net.SocketInputStream.socketRead(SocketInputStream.java:116) ~[na:1.8.0_131]
	at java.net.SocketInputStream.read(SocketInputStream.java:171) ~[na:1.8.0_131]
	at java.net.SocketInputStream.read(SocketInputStream.java:141) ~[na:1.8.0_131]
	at sun.security.ssl.InputRecord.readFully(InputRecord.java:465) ~[na:1.8.0_131]
	at sun.security.ssl.InputRecord.read(InputRecord.java:503) ~[na:1.8.0_131]
	at sun.security.ssl.SSLSocketImpl.readRecord(SSLSocketImpl.java:973) ~[na:1.8.0_131]
	at sun.security.ssl.SSLSocketImpl.readDataRecord(SSLSocketImpl.java:930) ~[na:1.8.0_131]
	at sun.security.ssl.AppInputStream.read(AppInputStream.java:105) ~[na:1.8.0_131]
	at java.io.BufferedInputStream.fill(BufferedInputStream.java:246) ~[na:1.8.0_131]
	at java.io.BufferedInputStream.read1(BufferedInputStream.java:286) ~[na:1.8.0_131]
	at java.io.BufferedInputStream.read(BufferedInputStream.java:345) ~[na:1.8.0_131]
	at sun.net.www.http.HttpClient.parseHTTPHeader(HttpClient.java:735) ~[na:1.8.0_131]
	at sun.net.www.http.HttpClient.parseHTTP(HttpClient.java:678) ~[na:1.8.0_131]
	at sun.net.www.protocol.http.HttpURLConnection.getInputStream0(HttpURLConnection.java:1569) ~[na:1.8.0_131]
	at sun.net.www.protocol.http.HttpURLConnection.getInputStream(HttpURLConnection.java:1474) ~[na:1.8.0_131]
	at java.net.HttpURLConnection.getResponseCode(HttpURLConnection.java:480) ~[na:1.8.0_131]
	at sun.net.www.protocol.https.HttpsURLConnectionImpl.getResponseCode(HttpsURLConnectionImpl.java:338) ~[na:1.8.0_131]
	at org.jsoup.helper.HttpConnection$Response.execute(HttpConnection.java:750) ~[jsoup-1.11.3.jar:na]
	at org.jsoup.helper.HttpConnection$Response.execute(HttpConnection.java:722) ~[jsoup-1.11.3.jar:na]
	at org.jsoup.helper.HttpConnection.execute(HttpConnection.java:306) ~[jsoup-1.11.3.jar:na]
	at org.jsoup.helper.HttpConnection.get(HttpConnection.java:295) ~[jsoup-1.11.3.jar:na]
	at com.dytt.module.movie.timeJob.TimeJobs.addMovie(TimeJobs.java:29) ~[classes/:na]
	at sun.reflect.GeneratedMethodAccessor97.invoke(Unknown Source) ~[na:na]
	at sun.reflect.DelegatingMethodAccessorImpl.invoke(DelegatingMethodAccessorImpl.java:43) ~[na:1.8.0_131]
	at java.lang.reflect.Method.invoke(Method.java:498) ~[na:1.8.0_131]
	at org.springframework.scheduling.support.ScheduledMethodRunnable.run(ScheduledMethodRunnable.java:84) ~[spring-context-5.1.4.RELEASE.jar:5.1.4.RELEASE]
	at org.springframework.scheduling.support.DelegatingErrorHandlingRunnable.run(DelegatingErrorHandlingRunnable.java:54) ~[spring-context-5.1.4.RELEASE.jar:5.1.4.RELEASE]
	at org.springframework.scheduling.concurrent.ReschedulingRunnable.run(ReschedulingRunnable.java:93) [spring-context-5.1.4.RELEASE.jar:5.1.4.RELEASE]
	at java.util.concurrent.Executors$RunnableAdapter.call(Executors.java:511) [na:1.8.0_131]
	at java.util.concurrent.FutureTask.run$$$capture(FutureTask.java:266) [na:1.8.0_131]
	at java.util.concurrent.FutureTask.run(FutureTask.java) [na:1.8.0_131]
	at java.util.concurrent.ScheduledThreadPoolExecutor$ScheduledFutureTask.access$201(ScheduledThreadPoolExecutor.java:180) [na:1.8.0_131]
	at java.util.concurrent.ScheduledThreadPoolExecutor$ScheduledFutureTask.run(ScheduledThreadPoolExecutor.java:293) [na:1.8.0_131]
	at java.util.concurrent.ThreadPoolExecutor.runWorker(ThreadPoolExecutor.java:1142) [na:1.8.0_131]
	at java.util.concurrent.ThreadPoolExecutor$Worker.run(ThreadPoolExecutor.java:617) [na:1.8.0_131]
	at java.lang.Thread.run(Thread.java:748) [na:1.8.0_131]

2019-11-22 23:37:52.346  INFO 6920 --- [AsyncResolver-bootstrap-executor-0] c.n.d.s.r.aws.ConfigClusterResolver      : Resolving eureka endpoints via configuration
2019-11-22 23:42:52.350  INFO 6920 --- [AsyncResolver-bootstrap-executor-0] c.n.d.s.r.aws.ConfigClusterResolver      : Resolving eureka endpoints via configuration
