2019-06-21 10:16:41.950  INFO 3900 --- [main] c.c.c.ConfigServicePropertySourceLocator : Fetching config from server at : http://localhost:8888
2019-06-21 10:16:45.275  INFO 3900 --- [main] c.c.c.ConfigServicePropertySourceLocator : Connect Timeout Exception on Url - http://localhost:8888. Will be trying the next url if available
2019-06-21 10:16:45.291  WARN 3900 --- [main] c.c.c.ConfigServicePropertySourceLocator : Could not locate PropertySource: I/O error on GET request for "http://localhost:8888/mysql/pro/master": Connection refused: connect; nested exception is java.net.ConnectException: Connection refused: connect
2019-06-21 10:16:45.305  INFO 3900 --- [main] com.dytt.module.movie.MovieApplication   : The following profiles are active: eureka,mail,redis,kafka,hystrix
2019-06-21 10:17:01.375  INFO 3900 --- [main] .s.d.r.c.RepositoryConfigurationDelegate : Multiple Spring Data modules found, entering strict repository configuration mode!
2019-06-21 10:17:01.482  INFO 3900 --- [main] .s.d.r.c.RepositoryConfigurationDelegate : Bootstrapping Spring Data repositories in DEFAULT mode.
2019-06-21 10:17:02.476  INFO 3900 --- [main] .s.d.r.c.RepositoryConfigurationDelegate : Finished Spring Data repository scanning in 707ms. Found 0 repository interfaces.
2019-06-21 10:17:05.473  WARN 3900 --- [main] o.s.boot.actuate.endpoint.EndpointId     : Endpoint ID 'service-registry' contains invalid characters, please migrate to a valid format.
2019-06-21 10:17:13.392  INFO 3900 --- [main] o.s.cloud.context.scope.GenericScope     : BeanFactory id=18c974ee-0c32-3ae5-88aa-caedd789009c
2019-06-21 10:17:22.703  INFO 3900 --- [main] trationDelegate$BeanPostProcessorChecker : Bean 'org.springframework.transaction.annotation.ProxyTransactionManagementConfiguration' of type [org.springframework.transaction.annotation.ProxyTransactionManagementConfiguration$$EnhancerBySpringCGLIB$$5cf989a9] is not eligible for getting processed by all BeanPostProcessors (for example: not eligible for auto-proxying)
2019-06-21 10:17:26.159  INFO 3900 --- [main] trationDelegate$BeanPostProcessorChecker : Bean 'org.springframework.cloud.autoconfigure.ConfigurationPropertiesRebinderAutoConfiguration' of type [org.springframework.cloud.autoconfigure.ConfigurationPropertiesRebinderAutoConfiguration$$EnhancerBySpringCGLIB$$79138ca6] is not eligible for getting processed by all BeanPostProcessors (for example: not eligible for auto-proxying)
2019-06-21 10:17:34.843  INFO 3900 --- [main] o.s.b.w.embedded.tomcat.TomcatWebServer  : Tomcat initialized with port(s): 8003 (http)
2019-06-21 10:17:35.246  INFO 3900 --- [main] o.apache.catalina.core.StandardService   : Starting service [Tomcat]
2019-06-21 10:17:35.272  INFO 3900 --- [main] org.apache.catalina.core.StandardEngine  : Starting Servlet engine: [Apache Tomcat/9.0.14]
2019-06-21 10:17:35.490  INFO 3900 --- [main] o.a.catalina.core.AprLifecycleListener   : The APR based Apache Tomcat Native library which allows optimal performance in production environments was not found on the java.library.path: [D:\Program Files\Java\jdk1.8.0_131\bin;C:\WINDOWS\Sun\Java\bin;C:\WINDOWS\system32;C:\WINDOWS;C:\Program Files (x86)\Common Files\Oracle\Java\javapath;C:\ProgramData\Oracle\Java\javapath;C:\Program Files (x86)\Intel\Intel(R) Management Engine Components\iCLS\;C:\Program Files\Intel\Intel(R) Management Engine Components\iCLS\;C:\WINDOWS\system32;C:\WINDOWS;C:\WINDOWS\System32\Wbem;C:\WINDOWS\System32\WindowsPowerShell\v1.0\;C:\WINDOWS\System32\OpenSSH\;C:\Program Files (x86)\Intel\Intel(R) Management Engine Components\DAL;C:\Program Files\Intel\Intel(R) Management Engine Components\DAL;D:\Program Files\Git\cmd;C:\Program Files\nodejs\;C:\Users\39248\AppData\Local\Microsoft\WindowsApps;C:\Users\39248\AppData\Roaming\npm;.]
2019-06-21 10:17:39.254  INFO 3900 --- [main] o.a.c.c.C.[Tomcat].[localhost].[/]       : Initializing Spring embedded WebApplicationContext
2019-06-21 10:17:39.288  INFO 3900 --- [main] o.s.web.context.ContextLoader            : Root WebApplicationContext: initialization completed in 53482 ms
2019-06-21 10:17:40.984  WARN 3900 --- [main] c.n.c.sources.URLConfigurationSource     : No URLs will be polled as dynamic configuration sources.
2019-06-21 10:17:41.007  INFO 3900 --- [main] c.n.c.sources.URLConfigurationSource     : To enable URLs as dynamic configuration sources, define System property archaius.configurationSource.additionalUrls or make config.properties available on classpath.
2019-06-21 10:17:41.075  INFO 3900 --- [main] c.netflix.config.DynamicPropertyFactory  : DynamicPropertyFactory is initialized with configuration sources: com.netflix.config.ConcurrentCompositeConfiguration@74445e20
2019-06-21 10:17:47.661 ERROR 3900 --- [main] o.s.b.web.embedded.tomcat.TomcatStarter  : Error starting Tomcat context. Exception: org.springframework.beans.factory.BeanCreationException. Message: Error creating bean with name 'servletEndpointRegistrar' defined in class path resource [org/springframework/boot/actuate/autoconfigure/endpoint/web/ServletEndpointManagementContextConfiguration$WebMvcServletEndpointManagementContextConfiguration.class]: Bean instantiation via factory method failed; nested exception is org.springframework.beans.BeanInstantiationException: Failed to instantiate [org.springframework.boot.actuate.endpoint.web.ServletEndpointRegistrar]: Factory method 'servletEndpointRegistrar' threw exception; nested exception is org.springframework.beans.factory.UnsatisfiedDependencyException: Error creating bean with name 'healthEndpoint' defined in class path resource [org/springframework/boot/actuate/autoconfigure/health/HealthEndpointConfiguration.class]: Unsatisfied dependency expressed through method 'healthEndpoint' parameter 1; nested exception is org.springframework.beans.factory.BeanCreationException: Error creating bean with name 'healthIndicatorRegistry' defined in class path resource [org/springframework/boot/actuate/autoconfigure/health/HealthIndicatorAutoConfiguration.class]: Bean instantiation via factory method failed; nested exception is org.springframework.beans.BeanInstantiationException: Failed to instantiate [org.springframework.boot.actuate.health.HealthIndicatorRegistry]: Factory method 'healthIndicatorRegistry' threw exception; nested exception is org.springframework.beans.factory.BeanCreationException: Error creating bean with name 'dbHealthIndicator' defined in class path resource [org/springframework/boot/actuate/autoconfigure/jdbc/DataSourceHealthIndicatorAutoConfiguration.class]: Bean instantiation via factory method failed; nested exception is org.springframework.beans.BeanInstantiationException: Failed to instantiate [org.springframework.boot.actuate.health.HealthIndicator]: Factory method 'dbHealthIndicator' threw exception; nested exception is org.springframework.beans.factory.BeanCreationException: Error creating bean with name 'scopedTarget.dataSource' defined in class path resource [org/springframework/boot/autoconfigure/jdbc/DataSourceConfiguration$Hikari.class]: Bean instantiation via factory method failed; nested exception is org.springframework.beans.BeanInstantiationException: Failed to instantiate [com.zaxxer.hikari.HikariDataSource]: Factory method 'dataSource' threw exception; nested exception is org.springframework.boot.autoconfigure.jdbc.DataSourceProperties$DataSourceBeanCreationException: Failed to determine a suitable driver class
2019-06-21 10:17:48.537  INFO 3900 --- [main] o.apache.catalina.core.StandardService   : Stopping service [Tomcat]
2019-06-21 10:17:48.794  WARN 3900 --- [main] o.a.c.loader.WebappClassLoaderBase       : The web application [ROOT] appears to have started a thread named [lettuce-eventExecutorLoop-1-1] but has failed to stop it. This is very likely to create a memory leak. Stack trace of thread:
 sun.misc.Unsafe.park(Native Method)
 java.util.concurrent.locks.LockSupport.parkNanos(LockSupport.java:215)
 java.util.concurrent.locks.AbstractQueuedSynchronizer$ConditionObject.awaitNanos(AbstractQueuedSynchronizer.java:2078)
 java.util.concurrent.LinkedBlockingQueue.poll(LinkedBlockingQueue.java:467)
 io.netty.util.concurrent.SingleThreadEventExecutor.takeTask(SingleThreadEventExecutor.java:251)
 io.netty.util.concurrent.DefaultEventExecutor.run(DefaultEventExecutor.java:64)
 io.netty.util.concurrent.SingleThreadEventExecutor$5.run(SingleThreadEventExecutor.java:897)
 io.netty.util.concurrent.FastThreadLocalRunnable.run(FastThreadLocalRunnable.java:30)
 java.lang.Thread.run(Thread.java:748)
2019-06-21 10:17:49.006  WARN 3900 --- [main] ConfigServletWebServerApplicationContext : Exception encountered during context initialization - cancelling refresh attempt: org.springframework.context.ApplicationContextException: Unable to start web server; nested exception is org.springframework.boot.web.server.WebServerException: Unable to start embedded Tomcat
2019-06-21 10:17:49.751  INFO 3900 --- [main] ConditionEvaluationReportLoggingListener : 

Error starting ApplicationContext. To display the conditions report re-run your application with 'debug' enabled.
2019-06-21 10:17:49.908 ERROR 3900 --- [main] o.s.b.d.LoggingFailureAnalysisReporter   : 

***************************
APPLICATION FAILED TO START
***************************

Description:

Failed to configure a DataSource: 'url' attribute is not specified and no embedded datasource could be configured.

Reason: Failed to determine a suitable driver class


Action:

Consider the following:
	If you want an embedded database (H2, HSQL or Derby), please put it on the classpath.
	If you have database settings to be loaded from a particular profile you may need to activate it (no profiles are currently active).

2019-06-21 10:28:31.777  INFO 4000 --- [main] c.c.c.ConfigServicePropertySourceLocator : Fetching config from server at : http://localhost:8888
2019-06-21 10:28:39.290  INFO 4000 --- [main] c.c.c.ConfigServicePropertySourceLocator : Located environment: name=mysql, profiles=[pro], label=master, version=b9bfe6f80275744b1f5e6cc9ad2a1b85f8576e25, state=null
2019-06-21 10:28:39.306  INFO 4000 --- [main] b.c.PropertySourceBootstrapConfiguration : Located property source: CompositePropertySource {name='configService', propertySources=[MapPropertySource {name='configClient'}, MapPropertySource {name='https://github.com/chenshi91/mydytt-config.git/dytt/mysql-pro.properties'}]}
2019-06-21 10:28:39.492  INFO 4000 --- [main] com.dytt.module.movie.MovieApplication   : The following profiles are active: eureka,mail,redis,kafka,hystrix
2019-06-21 10:28:48.170  INFO 4000 --- [main] .s.d.r.c.RepositoryConfigurationDelegate : Multiple Spring Data modules found, entering strict repository configuration mode!
2019-06-21 10:28:48.183  INFO 4000 --- [main] .s.d.r.c.RepositoryConfigurationDelegate : Bootstrapping Spring Data repositories in DEFAULT mode.
2019-06-21 10:28:48.577  INFO 4000 --- [main] .s.d.r.c.RepositoryConfigurationDelegate : Finished Spring Data repository scanning in 244ms. Found 0 repository interfaces.
2019-06-21 10:28:49.492  WARN 4000 --- [main] o.s.boot.actuate.endpoint.EndpointId     : Endpoint ID 'service-registry' contains invalid characters, please migrate to a valid format.
2019-06-21 10:28:52.063  INFO 4000 --- [main] o.s.cloud.context.scope.GenericScope     : BeanFactory id=18c974ee-0c32-3ae5-88aa-caedd789009c
2019-06-21 10:28:53.204  INFO 4000 --- [main] trationDelegate$BeanPostProcessorChecker : Bean 'org.springframework.transaction.annotation.ProxyTransactionManagementConfiguration' of type [org.springframework.transaction.annotation.ProxyTransactionManagementConfiguration$$EnhancerBySpringCGLIB$$c2ec11a0] is not eligible for getting processed by all BeanPostProcessors (for example: not eligible for auto-proxying)
2019-06-21 10:28:54.745  INFO 4000 --- [main] trationDelegate$BeanPostProcessorChecker : Bean 'org.springframework.cloud.autoconfigure.ConfigurationPropertiesRebinderAutoConfiguration' of type [org.springframework.cloud.autoconfigure.ConfigurationPropertiesRebinderAutoConfiguration$$EnhancerBySpringCGLIB$$df06149d] is not eligible for getting processed by all BeanPostProcessors (for example: not eligible for auto-proxying)
2019-06-21 10:28:58.554  INFO 4000 --- [main] o.s.b.w.embedded.tomcat.TomcatWebServer  : Tomcat initialized with port(s): 8003 (http)
2019-06-21 10:28:58.927  INFO 4000 --- [main] o.apache.catalina.core.StandardService   : Starting service [Tomcat]
2019-06-21 10:28:58.933  INFO 4000 --- [main] org.apache.catalina.core.StandardEngine  : Starting Servlet engine: [Apache Tomcat/9.0.14]
2019-06-21 10:28:59.018  INFO 4000 --- [main] o.a.catalina.core.AprLifecycleListener   : The APR based Apache Tomcat Native library which allows optimal performance in production environments was not found on the java.library.path: [D:\Program Files\Java\jdk1.8.0_131\bin;C:\WINDOWS\Sun\Java\bin;C:\WINDOWS\system32;C:\WINDOWS;C:\Program Files (x86)\Common Files\Oracle\Java\javapath;C:\ProgramData\Oracle\Java\javapath;C:\Program Files (x86)\Intel\Intel(R) Management Engine Components\iCLS\;C:\Program Files\Intel\Intel(R) Management Engine Components\iCLS\;C:\WINDOWS\system32;C:\WINDOWS;C:\WINDOWS\System32\Wbem;C:\WINDOWS\System32\WindowsPowerShell\v1.0\;C:\WINDOWS\System32\OpenSSH\;C:\Program Files (x86)\Intel\Intel(R) Management Engine Components\DAL;C:\Program Files\Intel\Intel(R) Management Engine Components\DAL;D:\Program Files\Git\cmd;C:\Program Files\nodejs\;C:\Users\39248\AppData\Local\Microsoft\WindowsApps;C:\Users\39248\AppData\Roaming\npm;.]
2019-06-21 10:29:00.697  INFO 4000 --- [main] o.a.c.c.C.[Tomcat].[localhost].[/]       : Initializing Spring embedded WebApplicationContext
2019-06-21 10:29:00.713  INFO 4000 --- [main] o.s.web.context.ContextLoader            : Root WebApplicationContext: initialization completed in 20919 ms
2019-06-21 10:29:01.658  WARN 4000 --- [main] c.n.c.sources.URLConfigurationSource     : No URLs will be polled as dynamic configuration sources.
2019-06-21 10:29:01.664  INFO 4000 --- [main] c.n.c.sources.URLConfigurationSource     : To enable URLs as dynamic configuration sources, define System property archaius.configurationSource.additionalUrls or make config.properties available on classpath.
2019-06-21 10:29:01.711  INFO 4000 --- [main] c.netflix.config.DynamicPropertyFactory  : DynamicPropertyFactory is initialized with configuration sources: com.netflix.config.ConcurrentCompositeConfiguration@37ff5cbe
2019-06-21 10:29:17.255  INFO 4000 --- [main] com.zaxxer.hikari.HikariDataSource       : HikariPool-1 - Starting...
2019-06-21 10:29:17.268  WARN 4000 --- [main] com.zaxxer.hikari.util.DriverDataSource  : Registered driver with driverClassName=com.mysql.jdbc.Driver was not found, trying direct instantiation.
2019-06-21 10:29:18.686  INFO 4000 --- [main] com.zaxxer.hikari.HikariDataSource       : HikariPool-1 - Start completed.
2019-06-21 10:29:21.999  INFO 4000 --- [main] .s.a.AnnotationAsyncExecutionInterceptor : More than one TaskExecutor bean found within the context, and none is named 'taskExecutor'. Mark one of them as primary or name it 'taskExecutor' (possibly as an alias) in order to use it for async processing: [applicationTaskExecutor, taskScheduler]
2019-06-21 10:29:22.084  INFO 4000 --- [SimpleAsyncTaskExecutor-1] c.d.m.m.t.MyThreadPoolTaskExecutor       : Initializing ExecutorService
2019-06-21 10:29:22.467  INFO 4000 --- [main] c.d.c.t.MyThreadPoolTaskExecutor         : Initializing ExecutorService
2019-06-21 10:29:22.476  INFO 4000 --- [main] c.d.c.t.MyThreadPoolTaskExecutor         : Initializing ExecutorService 'asyncThreadPool'
2019-06-21 10:29:22.693  WARN 4000 --- [main] c.n.c.sources.URLConfigurationSource     : No URLs will be polled as dynamic configuration sources.
2019-06-21 10:29:22.693  INFO 4000 --- [main] c.n.c.sources.URLConfigurationSource     : To enable URLs as dynamic configuration sources, define System property archaius.configurationSource.additionalUrls or make config.properties available on classpath.
2019-06-21 10:29:25.762  INFO 4000 --- [main] o.s.s.concurrent.ThreadPoolTaskExecutor  : Initializing ExecutorService 'applicationTaskExecutor'
2019-06-21 10:29:31.219  INFO 4000 --- [main] o.s.s.c.ThreadPoolTaskScheduler          : Initializing ExecutorService 'taskScheduler'
2019-06-21 10:29:31.858  WARN 4000 --- [main] o.s.b.d.a.OptionalLiveReloadServer       : Unable to start LiveReload server
2019-06-21 10:29:32.409  INFO 4000 --- [main] o.s.b.a.e.web.EndpointLinksResolver      : Exposing 2 endpoint(s) beneath base path '/actuator'
2019-06-21 10:29:32.986  INFO 4000 --- [main] o.s.c.n.eureka.InstanceInfoFactory       : Setting initial instance status as: STARTING
2019-06-21 10:29:33.194  INFO 4000 --- [main] com.netflix.discovery.DiscoveryClient    : Initializing Eureka in region us-east-1
2019-06-21 10:29:33.498  INFO 4000 --- [main] c.n.d.provider.DiscoveryJerseyProvider   : Using JSON encoding codec LegacyJacksonJson
2019-06-21 10:29:33.500  INFO 4000 --- [main] c.n.d.provider.DiscoveryJerseyProvider   : Using JSON decoding codec LegacyJacksonJson
2019-06-21 10:29:34.203  INFO 4000 --- [main] c.n.d.provider.DiscoveryJerseyProvider   : Using XML encoding codec XStreamXml
2019-06-21 10:29:34.203  INFO 4000 --- [main] c.n.d.provider.DiscoveryJerseyProvider   : Using XML decoding codec XStreamXml
2019-06-21 10:29:35.075  INFO 4000 --- [main] c.n.d.s.r.aws.ConfigClusterResolver      : Resolving eureka endpoints via configuration
2019-06-21 10:29:36.840  INFO 4000 --- [main] com.netflix.discovery.DiscoveryClient    : Disable delta property : false
2019-06-21 10:29:36.842  INFO 4000 --- [main] com.netflix.discovery.DiscoveryClient    : Single vip registry refresh property : null
2019-06-21 10:29:36.844  INFO 4000 --- [main] com.netflix.discovery.DiscoveryClient    : Force full registry fetch : false
2019-06-21 10:29:36.847  INFO 4000 --- [main] com.netflix.discovery.DiscoveryClient    : Application is null : false
2019-06-21 10:29:36.847  INFO 4000 --- [main] com.netflix.discovery.DiscoveryClient    : Registered Applications size is zero : true
2019-06-21 10:29:36.847  INFO 4000 --- [main] com.netflix.discovery.DiscoveryClient    : Application version is -1: true
2019-06-21 10:29:36.847  INFO 4000 --- [main] com.netflix.discovery.DiscoveryClient    : Getting all instance registry info from the eureka server
2019-06-21 10:29:37.722  INFO 4000 --- [main] com.netflix.discovery.DiscoveryClient    : The response status is 200
2019-06-21 10:29:37.739  INFO 4000 --- [main] com.netflix.discovery.DiscoveryClient    : Starting heartbeat executor: renew interval is: 30
2019-06-21 10:29:37.758  INFO 4000 --- [main] c.n.discovery.InstanceInfoReplicator     : InstanceInfoReplicator onDemand update allowed rate per min is 4
2019-06-21 10:29:37.770  INFO 4000 --- [main] com.netflix.discovery.DiscoveryClient    : Discovery Client initialized at timestamp 1561084177766 with initial instances count: 9
2019-06-21 10:29:37.852  INFO 4000 --- [main] o.s.c.n.e.s.EurekaServiceRegistry        : Registering application service-module-movie with eureka with status UP
2019-06-21 10:29:37.854  INFO 4000 --- [main] com.netflix.discovery.DiscoveryClient    : Saw local status change event StatusChangeEvent [timestamp=1561084177854, current=UP, previous=STARTING]
2019-06-21 10:29:37.861  INFO 4000 --- [DiscoveryClient-InstanceInfoReplicator-0] com.netflix.discovery.DiscoveryClient    : DiscoveryClient_SERVICE-MODULE-MOVIE/192.168.240.1:8003: registering service...
2019-06-21 10:29:38.142  INFO 4000 --- [DiscoveryClient-InstanceInfoReplicator-0] com.netflix.discovery.DiscoveryClient    : DiscoveryClient_SERVICE-MODULE-MOVIE/192.168.240.1:8003 - registration status: 204
2019-06-21 10:29:38.215  INFO 4000 --- [main] o.s.b.w.embedded.tomcat.TomcatWebServer  : Tomcat started on port(s): 8003 (http) with context path ''
2019-06-21 10:29:38.225  INFO 4000 --- [main] com.dytt.module.movie.MovieApplication   : Started MovieApplication in 83.637 seconds (JVM running for 152.033)
2019-06-21 10:34:36.877  INFO 4000 --- [AsyncResolver-bootstrap-executor-0] c.n.d.s.r.aws.ConfigClusterResolver      : Resolving eureka endpoints via configuration
2019-06-21 10:37:42.026  INFO 4000 --- [http-nio-8003-exec-1] o.a.c.c.C.[Tomcat].[localhost].[/]       : Initializing Spring DispatcherServlet 'dispatcherServlet'
2019-06-21 10:37:42.029  INFO 4000 --- [http-nio-8003-exec-1] o.s.web.servlet.DispatcherServlet        : Initializing Servlet 'dispatcherServlet'
2019-06-21 10:37:42.098  INFO 4000 --- [http-nio-8003-exec-1] o.s.web.servlet.DispatcherServlet        : Completed initialization in 69 ms
2019-06-21 10:37:42.455  INFO 4000 --- [http-nio-8003-exec-1] c.d.c.l.AddLogAspect.around() [line:30]  : ---requestLog--start:RequestLog(requestId=1561084662442, url=/page, method=GET, paramsMap={pageNo=1 , pageSize=10 }, requestBody=null, request=org.apache.catalina.connector.RequestFacade@c9b2f1b)
2019-06-21 10:37:43.931 DEBUG 4000 --- [http-nio-8003-exec-1] c.d.m.movie.dao.MovieMapper.selectPage   : ==>  Preparing: SELECT COUNT(1) FROM gcdy_movie 
2019-06-21 10:37:44.156 DEBUG 4000 --- [http-nio-8003-exec-1] c.d.m.movie.dao.MovieMapper.selectPage   : ==> Parameters: 
2019-06-21 10:37:44.551 DEBUG 4000 --- [http-nio-8003-exec-1] c.d.m.movie.dao.MovieMapper.selectPage   : ==>  Preparing: SELECT id,create_user_id,create_date,last_update_user_id,last_update_date,title,name,name2,age,place_of_origin,category_id,language,subtitle,release_time,douban_score,imdb_score,file_format,video_size,file_size,length,director,actor,summary,awards,download_link,img_url FROM gcdy_movie ORDER BY create_date DESC LIMIT ?,? 
2019-06-21 10:37:44.573 DEBUG 4000 --- [http-nio-8003-exec-1] c.d.m.movie.dao.MovieMapper.selectPage   : ==> Parameters: 0(Long), 10(Long)
2019-06-21 10:37:44.737 DEBUG 4000 --- [http-nio-8003-exec-1] c.d.m.movie.dao.MovieMapper.selectPage   : <==      Total: 10
2019-06-21 10:37:44.750  INFO 4000 --- [http-nio-8003-exec-1] c.d.c.l.AddLogAspect.around() [line:40]  : --------requestLog----end--ok  result:ResponseResult(code=000000, msg=success, data=com.baomidou.mybatisplus.extension.plugins.pagination.Page@733243c2, port=null, applicationName=null),耗时毫秒数:2294毫秒
2019-06-21 10:39:22.810  INFO 4000 --- [http-nio-8003-exec-4] c.d.c.l.AddLogAspect.around() [line:30]  : ---requestLog--start:RequestLog(requestId=1561084762810, url=/page, method=GET, paramsMap={pageNo=1 , pageSize=10 }, requestBody=null, request=org.apache.catalina.connector.RequestFacade@c9b2f1b)
2019-06-21 10:39:22.821 DEBUG 4000 --- [http-nio-8003-exec-4] c.d.m.movie.dao.MovieMapper.selectPage   : ==>  Preparing: SELECT COUNT(1) FROM gcdy_movie 
2019-06-21 10:39:22.825 DEBUG 4000 --- [http-nio-8003-exec-4] c.d.m.movie.dao.MovieMapper.selectPage   : ==> Parameters: 
2019-06-21 10:39:22.836 DEBUG 4000 --- [http-nio-8003-exec-4] c.d.m.movie.dao.MovieMapper.selectPage   : ==>  Preparing: SELECT id,create_user_id,create_date,last_update_user_id,last_update_date,title,name,name2,age,place_of_origin,category_id,language,subtitle,release_time,douban_score,imdb_score,file_format,video_size,file_size,length,director,actor,summary,awards,download_link,img_url FROM gcdy_movie ORDER BY create_date DESC LIMIT ?,? 
2019-06-21 10:39:22.836 DEBUG 4000 --- [http-nio-8003-exec-4] c.d.m.movie.dao.MovieMapper.selectPage   : ==> Parameters: 0(Long), 10(Long)
2019-06-21 10:39:22.863 DEBUG 4000 --- [http-nio-8003-exec-4] c.d.m.movie.dao.MovieMapper.selectPage   : <==      Total: 10
2019-06-21 10:39:22.866  INFO 4000 --- [http-nio-8003-exec-4] c.d.c.l.AddLogAspect.around() [line:40]  : --------requestLog----end--ok  result:ResponseResult(code=000000, msg=success, data=com.baomidou.mybatisplus.extension.plugins.pagination.Page@7c750a5e, port=null, applicationName=null),耗时毫秒数:52毫秒
2019-06-21 10:39:35.381  INFO 4000 --- [http-nio-8003-exec-3] c.d.c.l.AddLogAspect.around() [line:30]  : ---requestLog--start:RequestLog(requestId=1561084775381, url=/page, method=GET, paramsMap={pageNo=1 , pageSize=10 , movieName=功夫 }, requestBody=null, request=org.apache.catalina.connector.RequestFacade@c9b2f1b)
2019-06-21 10:39:35.416 DEBUG 4000 --- [http-nio-8003-exec-3] c.d.m.movie.dao.MovieMapper.selectPage   : ==>  Preparing: SELECT COUNT(1) FROM gcdy_movie WHERE title LIKE ? 
2019-06-21 10:39:35.420 DEBUG 4000 --- [http-nio-8003-exec-3] c.d.m.movie.dao.MovieMapper.selectPage   : ==> Parameters: %功夫%(String)
2019-06-21 10:39:35.433 DEBUG 4000 --- [http-nio-8003-exec-3] c.d.m.movie.dao.MovieMapper.selectPage   : ==>  Preparing: SELECT id,create_user_id,create_date,last_update_user_id,last_update_date,title,name,name2,age,place_of_origin,category_id,language,subtitle,release_time,douban_score,imdb_score,file_format,video_size,file_size,length,director,actor,summary,awards,download_link,img_url FROM gcdy_movie WHERE title LIKE ? ORDER BY create_date DESC LIMIT ?,? 
2019-06-21 10:39:35.435 DEBUG 4000 --- [http-nio-8003-exec-3] c.d.m.movie.dao.MovieMapper.selectPage   : ==> Parameters: %功夫%(String), 0(Long), 10(Long)
2019-06-21 10:39:35.453 DEBUG 4000 --- [http-nio-8003-exec-3] c.d.m.movie.dao.MovieMapper.selectPage   : <==      Total: 10
2019-06-21 10:39:35.454  INFO 4000 --- [http-nio-8003-exec-3] c.d.c.l.AddLogAspect.around() [line:40]  : --------requestLog----end--ok  result:ResponseResult(code=000000, msg=success, data=com.baomidou.mybatisplus.extension.plugins.pagination.Page@265dc6e1, port=null, applicationName=null),耗时毫秒数:70毫秒
2019-06-21 10:39:36.880  INFO 4000 --- [AsyncResolver-bootstrap-executor-0] c.n.d.s.r.aws.ConfigClusterResolver      : Resolving eureka endpoints via configuration
2019-06-21 10:44:36.883  INFO 4000 --- [AsyncResolver-bootstrap-executor-0] c.n.d.s.r.aws.ConfigClusterResolver      : Resolving eureka endpoints via configuration
2019-06-21 10:49:36.886  INFO 4000 --- [AsyncResolver-bootstrap-executor-0] c.n.d.s.r.aws.ConfigClusterResolver      : Resolving eureka endpoints via configuration
2019-06-21 10:54:36.890  INFO 4000 --- [AsyncResolver-bootstrap-executor-0] c.n.d.s.r.aws.ConfigClusterResolver      : Resolving eureka endpoints via configuration
2019-06-21 10:57:10.802 DEBUG 4000 --- [http-nio-8003-exec-6] c.d.m.movie.dao.MovieMapper.selectById   : ==>  Preparing: SELECT id,create_user_id,create_date,last_update_user_id,last_update_date,title,name,name2,age,place_of_origin,category_id,language,subtitle,release_time,douban_score,imdb_score,file_format,video_size,file_size,length,director,actor,summary,awards,download_link,img_url FROM gcdy_movie WHERE id=? 
2019-06-21 10:57:10.812 DEBUG 4000 --- [http-nio-8003-exec-6] c.d.m.movie.dao.MovieMapper.selectById   : ==> Parameters: 21566(Integer)
2019-06-21 10:57:10.833 DEBUG 4000 --- [http-nio-8003-exec-6] c.d.m.movie.dao.MovieMapper.selectById   : <==      Total: 1
2019-06-21 10:59:36.900  INFO 4000 --- [AsyncResolver-bootstrap-executor-0] c.n.d.s.r.aws.ConfigClusterResolver      : Resolving eureka endpoints via configuration
2019-06-21 11:00:42.123  INFO 4000 --- [http-nio-8003-exec-8] c.d.c.l.AddLogAspect.around() [line:30]  : ---requestLog--start:RequestLog(requestId=1561086042122, url=/page, method=GET, paramsMap={pageNo=1 , pageSize=10 }, requestBody=null, request=org.apache.catalina.connector.RequestFacade@c9b2f1b)
2019-06-21 11:00:42.147 DEBUG 4000 --- [http-nio-8003-exec-8] c.d.m.movie.dao.MovieMapper.selectPage   : ==>  Preparing: SELECT COUNT(1) FROM gcdy_movie 
2019-06-21 11:00:42.154 DEBUG 4000 --- [http-nio-8003-exec-8] c.d.m.movie.dao.MovieMapper.selectPage   : ==> Parameters: 
2019-06-21 11:00:42.166 DEBUG 4000 --- [http-nio-8003-exec-8] c.d.m.movie.dao.MovieMapper.selectPage   : ==>  Preparing: SELECT id,create_user_id,create_date,last_update_user_id,last_update_date,title,name,name2,age,place_of_origin,category_id,language,subtitle,release_time,douban_score,imdb_score,file_format,video_size,file_size,length,director,actor,summary,awards,download_link,img_url FROM gcdy_movie ORDER BY create_date DESC LIMIT ?,? 
2019-06-21 11:00:42.166 DEBUG 4000 --- [http-nio-8003-exec-8] c.d.m.movie.dao.MovieMapper.selectPage   : ==> Parameters: 0(Long), 10(Long)
2019-06-21 11:00:42.193 DEBUG 4000 --- [http-nio-8003-exec-8] c.d.m.movie.dao.MovieMapper.selectPage   : <==      Total: 10
2019-06-21 11:00:42.194  INFO 4000 --- [http-nio-8003-exec-8] c.d.c.l.AddLogAspect.around() [line:40]  : --------requestLog----end--ok  result:ResponseResult(code=000000, msg=success, data=com.baomidou.mybatisplus.extension.plugins.pagination.Page@ec2bbf1, port=null, applicationName=null),耗时毫秒数:60毫秒
2019-06-21 11:04:36.903  INFO 4000 --- [AsyncResolver-bootstrap-executor-0] c.n.d.s.r.aws.ConfigClusterResolver      : Resolving eureka endpoints via configuration
2019-06-21 11:09:36.906  INFO 4000 --- [AsyncResolver-bootstrap-executor-0] c.n.d.s.r.aws.ConfigClusterResolver      : Resolving eureka endpoints via configuration
2019-06-21 11:14:36.910  INFO 4000 --- [AsyncResolver-bootstrap-executor-0] c.n.d.s.r.aws.ConfigClusterResolver      : Resolving eureka endpoints via configuration
2019-06-21 11:15:36.541 DEBUG 4000 --- [http-nio-8003-exec-9] c.d.m.movie.dao.MovieMapper.selectById   : ==>  Preparing: SELECT id,create_user_id,create_date,last_update_user_id,last_update_date,title,name,name2,age,place_of_origin,category_id,language,subtitle,release_time,douban_score,imdb_score,file_format,video_size,file_size,length,director,actor,summary,awards,download_link,img_url FROM gcdy_movie WHERE id=? 
2019-06-21 11:15:36.544 DEBUG 4000 --- [http-nio-8003-exec-9] c.d.m.movie.dao.MovieMapper.selectById   : ==> Parameters: 22561(Integer)
2019-06-21 11:15:36.550 DEBUG 4000 --- [http-nio-8003-exec-9] c.d.m.movie.dao.MovieMapper.selectById   : <==      Total: 1
2019-06-21 11:19:36.914  INFO 4000 --- [AsyncResolver-bootstrap-executor-0] c.n.d.s.r.aws.ConfigClusterResolver      : Resolving eureka endpoints via configuration
2019-06-21 11:24:36.921  INFO 4000 --- [AsyncResolver-bootstrap-executor-0] c.n.d.s.r.aws.ConfigClusterResolver      : Resolving eureka endpoints via configuration
2019-06-21 11:26:02.224  INFO 4000 --- [http-nio-8003-exec-2] c.d.c.l.AddLogAspect.around() [line:30]  : ---requestLog--start:RequestLog(requestId=1561087562223, url=/page, method=GET, paramsMap={pageNo=1 , pageSize=10 }, requestBody=null, request=org.apache.catalina.connector.RequestFacade@c9b2f1b)
2019-06-21 11:26:02.246 DEBUG 4000 --- [http-nio-8003-exec-2] c.d.m.movie.dao.MovieMapper.selectPage   : ==>  Preparing: SELECT COUNT(1) FROM gcdy_movie 
2019-06-21 11:26:02.251 DEBUG 4000 --- [http-nio-8003-exec-2] c.d.m.movie.dao.MovieMapper.selectPage   : ==> Parameters: 
2019-06-21 11:26:02.262 DEBUG 4000 --- [http-nio-8003-exec-2] c.d.m.movie.dao.MovieMapper.selectPage   : ==>  Preparing: SELECT id,create_user_id,create_date,last_update_user_id,last_update_date,title,name,name2,age,place_of_origin,category_id,language,subtitle,release_time,douban_score,imdb_score,file_format,video_size,file_size,length,director,actor,summary,awards,download_link,img_url FROM gcdy_movie ORDER BY create_date DESC LIMIT ?,? 
2019-06-21 11:26:02.266 DEBUG 4000 --- [http-nio-8003-exec-2] c.d.m.movie.dao.MovieMapper.selectPage   : ==> Parameters: 0(Long), 10(Long)
2019-06-21 11:26:02.280 DEBUG 4000 --- [http-nio-8003-exec-2] c.d.m.movie.dao.MovieMapper.selectPage   : <==      Total: 10
2019-06-21 11:26:02.282  INFO 4000 --- [http-nio-8003-exec-2] c.d.c.l.AddLogAspect.around() [line:40]  : --------requestLog----end--ok  result:ResponseResult(code=000000, msg=success, data=com.baomidou.mybatisplus.extension.plugins.pagination.Page@33c21659, port=null, applicationName=null),耗时毫秒数:53毫秒
2019-06-21 11:26:15.178  INFO 4000 --- [http-nio-8003-exec-4] c.d.c.l.AddLogAspect.around() [line:30]  : ---requestLog--start:RequestLog(requestId=1561087575177, url=/page, method=GET, paramsMap={pageNo=1 , pageSize=10 , movieName=蒲松龄 }, requestBody=null, request=org.apache.catalina.connector.RequestFacade@c9b2f1b)
2019-06-21 11:26:15.195 DEBUG 4000 --- [http-nio-8003-exec-4] c.d.m.movie.dao.MovieMapper.selectPage   : ==>  Preparing: SELECT COUNT(1) FROM gcdy_movie WHERE title LIKE ? 
2019-06-21 11:26:15.195 DEBUG 4000 --- [http-nio-8003-exec-4] c.d.m.movie.dao.MovieMapper.selectPage   : ==> Parameters: %蒲松龄%(String)
2019-06-21 11:26:15.209 DEBUG 4000 --- [http-nio-8003-exec-4] c.d.m.movie.dao.MovieMapper.selectPage   : ==>  Preparing: SELECT id,create_user_id,create_date,last_update_user_id,last_update_date,title,name,name2,age,place_of_origin,category_id,language,subtitle,release_time,douban_score,imdb_score,file_format,video_size,file_size,length,director,actor,summary,awards,download_link,img_url FROM gcdy_movie WHERE title LIKE ? ORDER BY create_date DESC 
2019-06-21 11:26:15.210 DEBUG 4000 --- [http-nio-8003-exec-4] c.d.m.movie.dao.MovieMapper.selectPage   : ==> Parameters: %蒲松龄%(String)
2019-06-21 11:26:15.229 DEBUG 4000 --- [http-nio-8003-exec-4] c.d.m.movie.dao.MovieMapper.selectPage   : <==      Total: 0
2019-06-21 11:26:15.230  INFO 4000 --- [http-nio-8003-exec-4] c.d.c.l.AddLogAspect.around() [line:40]  : --------requestLog----end--ok  result:ResponseResult(code=000000, msg=success, data=com.baomidou.mybatisplus.extension.plugins.pagination.Page@3afca6cc, port=null, applicationName=null),耗时毫秒数:48毫秒
2019-06-21 11:26:32.276 DEBUG 4000 --- [http-nio-8003-exec-3] c.d.m.movie.dao.MovieMapper.selectById   : ==>  Preparing: SELECT id,create_user_id,create_date,last_update_user_id,last_update_date,title,name,name2,age,place_of_origin,category_id,language,subtitle,release_time,douban_score,imdb_score,file_format,video_size,file_size,length,director,actor,summary,awards,download_link,img_url FROM gcdy_movie WHERE id=? 
2019-06-21 11:26:32.285 DEBUG 4000 --- [http-nio-8003-exec-3] c.d.m.movie.dao.MovieMapper.selectById   : ==> Parameters: 16499(Integer)
2019-06-21 11:26:32.294 DEBUG 4000 --- [http-nio-8003-exec-3] c.d.m.movie.dao.MovieMapper.selectById   : <==      Total: 1
2019-06-21 11:29:36.929  INFO 4000 --- [AsyncResolver-bootstrap-executor-0] c.n.d.s.r.aws.ConfigClusterResolver      : Resolving eureka endpoints via configuration
2019-06-21 11:34:36.932  INFO 4000 --- [AsyncResolver-bootstrap-executor-0] c.n.d.s.r.aws.ConfigClusterResolver      : Resolving eureka endpoints via configuration
2019-06-21 11:39:36.935  INFO 4000 --- [AsyncResolver-bootstrap-executor-0] c.n.d.s.r.aws.ConfigClusterResolver      : Resolving eureka endpoints via configuration
2019-06-21 11:44:36.939  INFO 4000 --- [AsyncResolver-bootstrap-executor-0] c.n.d.s.r.aws.ConfigClusterResolver      : Resolving eureka endpoints via configuration
2019-06-21 11:49:36.943  INFO 4000 --- [AsyncResolver-bootstrap-executor-0] c.n.d.s.r.aws.ConfigClusterResolver      : Resolving eureka endpoints via configuration
2019-06-21 11:54:36.948  INFO 4000 --- [AsyncResolver-bootstrap-executor-0] c.n.d.s.r.aws.ConfigClusterResolver      : Resolving eureka endpoints via configuration
2019-06-21 11:59:36.953  INFO 4000 --- [AsyncResolver-bootstrap-executor-0] c.n.d.s.r.aws.ConfigClusterResolver      : Resolving eureka endpoints via configuration
2019-06-21 12:04:36.958  INFO 4000 --- [AsyncResolver-bootstrap-executor-0] c.n.d.s.r.aws.ConfigClusterResolver      : Resolving eureka endpoints via configuration
2019-06-21 12:09:36.963  INFO 4000 --- [AsyncResolver-bootstrap-executor-0] c.n.d.s.r.aws.ConfigClusterResolver      : Resolving eureka endpoints via configuration
2019-06-21 12:14:36.968  INFO 4000 --- [AsyncResolver-bootstrap-executor-0] c.n.d.s.r.aws.ConfigClusterResolver      : Resolving eureka endpoints via configuration
2019-06-21 12:19:36.970  INFO 4000 --- [AsyncResolver-bootstrap-executor-0] c.n.d.s.r.aws.ConfigClusterResolver      : Resolving eureka endpoints via configuration
2019-06-21 12:24:36.977  INFO 4000 --- [AsyncResolver-bootstrap-executor-0] c.n.d.s.r.aws.ConfigClusterResolver      : Resolving eureka endpoints via configuration
2019-06-21 12:29:36.981  INFO 4000 --- [AsyncResolver-bootstrap-executor-0] c.n.d.s.r.aws.ConfigClusterResolver      : Resolving eureka endpoints via configuration
2019-06-21 12:34:36.984  INFO 4000 --- [AsyncResolver-bootstrap-executor-0] c.n.d.s.r.aws.ConfigClusterResolver      : Resolving eureka endpoints via configuration
2019-06-21 12:39:36.993  INFO 4000 --- [AsyncResolver-bootstrap-executor-0] c.n.d.s.r.aws.ConfigClusterResolver      : Resolving eureka endpoints via configuration
2019-06-21 12:44:36.997  INFO 4000 --- [AsyncResolver-bootstrap-executor-0] c.n.d.s.r.aws.ConfigClusterResolver      : Resolving eureka endpoints via configuration
2019-06-21 12:49:37.002  INFO 4000 --- [AsyncResolver-bootstrap-executor-0] c.n.d.s.r.aws.ConfigClusterResolver      : Resolving eureka endpoints via configuration
2019-06-21 12:54:37.008  INFO 4000 --- [AsyncResolver-bootstrap-executor-0] c.n.d.s.r.aws.ConfigClusterResolver      : Resolving eureka endpoints via configuration
2019-06-21 12:56:20.275 ERROR 4000 --- [scheduling-1] o.s.s.s.TaskUtils$LoggingErrorHandler    : Unexpected error occurred in scheduled task.

java.net.SocketTimeoutException: Read timed out
	at java.net.SocketInputStream.socketRead0(Native Method) ~[na:1.8.0_131]
	at java.net.SocketInputStream.socketRead(SocketInputStream.java:116) ~[na:1.8.0_131]
	at java.net.SocketInputStream.read(SocketInputStream.java:171) ~[na:1.8.0_131]
	at java.net.SocketInputStream.read(SocketInputStream.java:141) ~[na:1.8.0_131]
	at sun.security.ssl.InputRecord.readFully(InputRecord.java:465) ~[na:1.8.0_131]
	at sun.security.ssl.InputRecord.read(InputRecord.java:503) ~[na:1.8.0_131]
	at sun.security.ssl.SSLSocketImpl.readRecord(SSLSocketImpl.java:973) ~[na:1.8.0_131]
	at sun.security.ssl.SSLSocketImpl.readDataRecord(SSLSocketImpl.java:930) ~[na:1.8.0_131]
	at sun.security.ssl.AppInputStream.read(AppInputStream.java:105) ~[na:1.8.0_131]
	at java.io.BufferedInputStream.fill(BufferedInputStream.java:246) ~[na:1.8.0_131]
	at java.io.BufferedInputStream.read1(BufferedInputStream.java:286) ~[na:1.8.0_131]
	at java.io.BufferedInputStream.read(BufferedInputStream.java:345) ~[na:1.8.0_131]
	at sun.net.www.http.HttpClient.parseHTTPHeader(HttpClient.java:735) ~[na:1.8.0_131]
	at sun.net.www.http.HttpClient.parseHTTP(HttpClient.java:678) ~[na:1.8.0_131]
	at sun.net.www.protocol.http.HttpURLConnection.getInputStream0(HttpURLConnection.java:1569) ~[na:1.8.0_131]
	at sun.net.www.protocol.http.HttpURLConnection.getInputStream(HttpURLConnection.java:1474) ~[na:1.8.0_131]
	at java.net.HttpURLConnection.getResponseCode(HttpURLConnection.java:480) ~[na:1.8.0_131]
	at sun.net.www.protocol.https.HttpsURLConnectionImpl.getResponseCode(HttpsURLConnectionImpl.java:338) ~[na:1.8.0_131]
	at org.jsoup.helper.HttpConnection$Response.execute(HttpConnection.java:750) ~[jsoup-1.11.3.jar:na]
	at org.jsoup.helper.HttpConnection$Response.execute(HttpConnection.java:722) ~[jsoup-1.11.3.jar:na]
	at org.jsoup.helper.HttpConnection.execute(HttpConnection.java:306) ~[jsoup-1.11.3.jar:na]
	at org.jsoup.helper.HttpConnection.get(HttpConnection.java:295) ~[jsoup-1.11.3.jar:na]
	at com.dytt.module.movie.timeJob.TimeJobs.addMovie(TimeJobs.java:29) ~[classes/:na]
	at sun.reflect.GeneratedMethodAccessor115.invoke(Unknown Source) ~[na:na]
	at sun.reflect.DelegatingMethodAccessorImpl.invoke(DelegatingMethodAccessorImpl.java:45005) ~[na:1.8.0_131]
	at java.lang.reflect.Method.invoke(Method.java:498) ~[na:1.8.0_131]
	at org.springframework.scheduling.support.ScheduledMethodRunnable.run(ScheduledMethodRunnable.java:84) ~[spring-context-5.1.4.RELEASE.jar:5.1.4.RELEASE]
	at org.springframework.scheduling.support.DelegatingErrorHandlingRunnable.run(DelegatingErrorHandlingRunnable.java:54) ~[spring-context-5.1.4.RELEASE.jar:5.1.4.RELEASE]
	at org.springframework.scheduling.concurrent.ReschedulingRunnable.run(ReschedulingRunnable.java:93) [spring-context-5.1.4.RELEASE.jar:5.1.4.RELEASE]
	at java.util.concurrent.Executors$RunnableAdapter.call(Executors.java:511) [na:1.8.0_131]
	at java.util.concurrent.FutureTask.run(FutureTask.java:266) [na:1.8.0_131]
	at java.util.concurrent.ScheduledThreadPoolExecutor$ScheduledFutureTask.access$201(ScheduledThreadPoolExecutor.java:180) [na:1.8.0_131]
	at java.util.concurrent.ScheduledThreadPoolExecutor$ScheduledFutureTask.run(ScheduledThreadPoolExecutor.java:293) [na:1.8.0_131]
	at java.util.concurrent.ThreadPoolExecutor.runWorker(ThreadPoolExecutor.java:1142) [na:1.8.0_131]
	at java.util.concurrent.ThreadPoolExecutor$Worker.run(ThreadPoolExecutor.java:617) [na:1.8.0_131]
	at java.lang.Thread.run(Thread.java:748) [na:1.8.0_131]

2019-06-21 12:56:46.229 ERROR 4000 --- [scheduling-1] o.s.s.s.TaskUtils$LoggingErrorHandler    : Unexpected error occurred in scheduled task.

java.net.ConnectException: Connection timed out: connect
	at java.net.DualStackPlainSocketImpl.waitForConnect(Native Method) ~[na:1.8.0_131]
	at java.net.DualStackPlainSocketImpl.socketConnect(DualStackPlainSocketImpl.java:85) ~[na:1.8.0_131]
	at java.net.AbstractPlainSocketImpl.doConnect(AbstractPlainSocketImpl.java:350) ~[na:1.8.0_131]
	at java.net.AbstractPlainSocketImpl.connectToAddress(AbstractPlainSocketImpl.java:206) ~[na:1.8.0_131]
	at java.net.AbstractPlainSocketImpl.connect(AbstractPlainSocketImpl.java:188) ~[na:1.8.0_131]
	at java.net.PlainSocketImpl.connect(PlainSocketImpl.java:172) ~[na:1.8.0_131]
	at java.net.SocksSocketImpl.connect(SocksSocketImpl.java:392) ~[na:1.8.0_131]
	at java.net.Socket.connect(Socket.java:589) ~[na:1.8.0_131]
	at sun.security.ssl.SSLSocketImpl.connect(SSLSocketImpl.java:668) ~[na:1.8.0_131]
	at sun.net.NetworkClient.doConnect(NetworkClient.java:175) ~[na:1.8.0_131]
	at sun.net.www.http.HttpClient.openServer(HttpClient.java:463) ~[na:1.8.0_131]
	at sun.net.www.http.HttpClient.openServer(HttpClient.java:558) ~[na:1.8.0_131]
	at sun.net.www.protocol.https.HttpsClient.<init>(HttpsClient.java:264) ~[na:1.8.0_131]
	at sun.net.www.protocol.https.HttpsClient.New(HttpsClient.java:367) ~[na:1.8.0_131]
	at sun.net.www.protocol.https.AbstractDelegateHttpsURLConnection.getNewHttpClient(AbstractDelegateHttpsURLConnection.java:191) ~[na:1.8.0_131]
	at sun.net.www.protocol.http.HttpURLConnection.plainConnect0(HttpURLConnection.java:1138) ~[na:1.8.0_131]
	at sun.net.www.protocol.http.HttpURLConnection.plainConnect(HttpURLConnection.java:1032) ~[na:1.8.0_131]
	at sun.net.www.protocol.https.AbstractDelegateHttpsURLConnection.connect(AbstractDelegateHttpsURLConnection.java:177) ~[na:1.8.0_131]
	at sun.net.www.protocol.https.HttpsURLConnectionImpl.connect(HttpsURLConnectionImpl.java:153) ~[na:1.8.0_131]
	at org.jsoup.helper.HttpConnection$Response.execute(HttpConnection.java:746) ~[jsoup-1.11.3.jar:na]
	at org.jsoup.helper.HttpConnection$Response.execute(HttpConnection.java:722) ~[jsoup-1.11.3.jar:na]
	at org.jsoup.helper.HttpConnection.execute(HttpConnection.java:306) ~[jsoup-1.11.3.jar:na]
	at org.jsoup.helper.HttpConnection.get(HttpConnection.java:295) ~[jsoup-1.11.3.jar:na]
	at com.dytt.module.movie.timeJob.TimeJobs.addMovie(TimeJobs.java:29) ~[classes/:na]
	at sun.reflect.GeneratedMethodAccessor115.invoke(Unknown Source) ~[na:na]
	at sun.reflect.DelegatingMethodAccessorImpl.invoke(DelegatingMethodAccessorImpl.java:45005) ~[na:1.8.0_131]
	at java.lang.reflect.Method.invoke(Method.java:498) ~[na:1.8.0_131]
	at org.springframework.scheduling.support.ScheduledMethodRunnable.run(ScheduledMethodRunnable.java:84) ~[spring-context-5.1.4.RELEASE.jar:5.1.4.RELEASE]
	at org.springframework.scheduling.support.DelegatingErrorHandlingRunnable.run(DelegatingErrorHandlingRunnable.java:54) ~[spring-context-5.1.4.RELEASE.jar:5.1.4.RELEASE]
	at org.springframework.scheduling.concurrent.ReschedulingRunnable.run(ReschedulingRunnable.java:93) [spring-context-5.1.4.RELEASE.jar:5.1.4.RELEASE]
	at java.util.concurrent.Executors$RunnableAdapter.call(Executors.java:511) [na:1.8.0_131]
	at java.util.concurrent.FutureTask.run(FutureTask.java:266) [na:1.8.0_131]
	at java.util.concurrent.ScheduledThreadPoolExecutor$ScheduledFutureTask.access$201(ScheduledThreadPoolExecutor.java:180) [na:1.8.0_131]
	at java.util.concurrent.ScheduledThreadPoolExecutor$ScheduledFutureTask.run(ScheduledThreadPoolExecutor.java:293) [na:1.8.0_131]
	at java.util.concurrent.ThreadPoolExecutor.runWorker(ThreadPoolExecutor.java:1142) [na:1.8.0_131]
	at java.util.concurrent.ThreadPoolExecutor$Worker.run(ThreadPoolExecutor.java:617) [na:1.8.0_131]
	at java.lang.Thread.run(Thread.java:748) [na:1.8.0_131]

2019-06-21 12:59:37.015  INFO 4000 --- [AsyncResolver-bootstrap-executor-0] c.n.d.s.r.aws.ConfigClusterResolver      : Resolving eureka endpoints via configuration
2019-06-21 13:04:37.021  INFO 4000 --- [AsyncResolver-bootstrap-executor-0] c.n.d.s.r.aws.ConfigClusterResolver      : Resolving eureka endpoints via configuration
2019-06-21 13:09:37.026  INFO 4000 --- [AsyncResolver-bootstrap-executor-0] c.n.d.s.r.aws.ConfigClusterResolver      : Resolving eureka endpoints via configuration
2019-06-21 13:14:37.029  INFO 4000 --- [AsyncResolver-bootstrap-executor-0] c.n.d.s.r.aws.ConfigClusterResolver      : Resolving eureka endpoints via configuration
2019-06-21 13:19:37.032  INFO 4000 --- [AsyncResolver-bootstrap-executor-0] c.n.d.s.r.aws.ConfigClusterResolver      : Resolving eureka endpoints via configuration
2019-06-21 13:24:37.037  INFO 4000 --- [AsyncResolver-bootstrap-executor-0] c.n.d.s.r.aws.ConfigClusterResolver      : Resolving eureka endpoints via configuration
2019-06-21 13:29:37.042  INFO 4000 --- [AsyncResolver-bootstrap-executor-0] c.n.d.s.r.aws.ConfigClusterResolver      : Resolving eureka endpoints via configuration
2019-06-21 13:34:37.046  INFO 4000 --- [AsyncResolver-bootstrap-executor-0] c.n.d.s.r.aws.ConfigClusterResolver      : Resolving eureka endpoints via configuration
2019-06-21 13:39:37.061  INFO 4000 --- [AsyncResolver-bootstrap-executor-0] c.n.d.s.r.aws.ConfigClusterResolver      : Resolving eureka endpoints via configuration
2019-06-21 13:44:37.066  INFO 4000 --- [AsyncResolver-bootstrap-executor-0] c.n.d.s.r.aws.ConfigClusterResolver      : Resolving eureka endpoints via configuration
2019-06-21 13:49:37.073  INFO 4000 --- [AsyncResolver-bootstrap-executor-0] c.n.d.s.r.aws.ConfigClusterResolver      : Resolving eureka endpoints via configuration
2019-06-21 13:54:37.099  INFO 4000 --- [AsyncResolver-bootstrap-executor-0] c.n.d.s.r.aws.ConfigClusterResolver      : Resolving eureka endpoints via configuration
2019-06-21 13:59:37.103  INFO 4000 --- [AsyncResolver-bootstrap-executor-0] c.n.d.s.r.aws.ConfigClusterResolver      : Resolving eureka endpoints via configuration
2019-06-21 14:04:37.109  INFO 4000 --- [AsyncResolver-bootstrap-executor-0] c.n.d.s.r.aws.ConfigClusterResolver      : Resolving eureka endpoints via configuration
2019-06-21 14:09:37.119  INFO 4000 --- [AsyncResolver-bootstrap-executor-0] c.n.d.s.r.aws.ConfigClusterResolver      : Resolving eureka endpoints via configuration
2019-06-21 14:14:37.157  INFO 4000 --- [AsyncResolver-bootstrap-executor-0] c.n.d.s.r.aws.ConfigClusterResolver      : Resolving eureka endpoints via configuration
2019-06-21 14:19:37.160  INFO 4000 --- [AsyncResolver-bootstrap-executor-0] c.n.d.s.r.aws.ConfigClusterResolver      : Resolving eureka endpoints via configuration
2019-06-21 14:24:37.168  INFO 4000 --- [AsyncResolver-bootstrap-executor-0] c.n.d.s.r.aws.ConfigClusterResolver      : Resolving eureka endpoints via configuration
2019-06-21 14:29:37.175  INFO 4000 --- [AsyncResolver-bootstrap-executor-0] c.n.d.s.r.aws.ConfigClusterResolver      : Resolving eureka endpoints via configuration
2019-06-21 14:34:37.179  INFO 4000 --- [AsyncResolver-bootstrap-executor-0] c.n.d.s.r.aws.ConfigClusterResolver      : Resolving eureka endpoints via configuration
2019-06-21 14:39:37.183  INFO 4000 --- [AsyncResolver-bootstrap-executor-0] c.n.d.s.r.aws.ConfigClusterResolver      : Resolving eureka endpoints via configuration
2019-06-21 14:44:37.185  INFO 4000 --- [AsyncResolver-bootstrap-executor-0] c.n.d.s.r.aws.ConfigClusterResolver      : Resolving eureka endpoints via configuration
2019-06-21 14:49:37.191  INFO 4000 --- [AsyncResolver-bootstrap-executor-0] c.n.d.s.r.aws.ConfigClusterResolver      : Resolving eureka endpoints via configuration
2019-06-21 14:53:45.216 ERROR 4000 --- [scheduling-1] o.s.s.s.TaskUtils$LoggingErrorHandler    : Unexpected error occurred in scheduled task.

java.net.SocketTimeoutException: Read timed out
	at java.net.SocketInputStream.socketRead0(Native Method) ~[na:1.8.0_131]
	at java.net.SocketInputStream.socketRead(SocketInputStream.java:116) ~[na:1.8.0_131]
	at java.net.SocketInputStream.read(SocketInputStream.java:171) ~[na:1.8.0_131]
	at java.net.SocketInputStream.read(SocketInputStream.java:141) ~[na:1.8.0_131]
	at sun.security.ssl.InputRecord.readFully(InputRecord.java:465) ~[na:1.8.0_131]
	at sun.security.ssl.InputRecord.read(InputRecord.java:503) ~[na:1.8.0_131]
	at sun.security.ssl.SSLSocketImpl.readRecord(SSLSocketImpl.java:973) ~[na:1.8.0_131]
	at sun.security.ssl.SSLSocketImpl.readDataRecord(SSLSocketImpl.java:930) ~[na:1.8.0_131]
	at sun.security.ssl.AppInputStream.read(AppInputStream.java:105) ~[na:1.8.0_131]
	at java.io.BufferedInputStream.fill(BufferedInputStream.java:246) ~[na:1.8.0_131]
	at java.io.BufferedInputStream.read1(BufferedInputStream.java:286) ~[na:1.8.0_131]
	at java.io.BufferedInputStream.read(BufferedInputStream.java:345) ~[na:1.8.0_131]
	at sun.net.www.http.HttpClient.parseHTTPHeader(HttpClient.java:735) ~[na:1.8.0_131]
	at sun.net.www.http.HttpClient.parseHTTP(HttpClient.java:678) ~[na:1.8.0_131]
	at sun.net.www.protocol.http.HttpURLConnection.getInputStream0(HttpURLConnection.java:1569) ~[na:1.8.0_131]
	at sun.net.www.protocol.http.HttpURLConnection.getInputStream(HttpURLConnection.java:1474) ~[na:1.8.0_131]
	at java.net.HttpURLConnection.getResponseCode(HttpURLConnection.java:480) ~[na:1.8.0_131]
	at sun.net.www.protocol.https.HttpsURLConnectionImpl.getResponseCode(HttpsURLConnectionImpl.java:338) ~[na:1.8.0_131]
	at org.jsoup.helper.HttpConnection$Response.execute(HttpConnection.java:750) ~[jsoup-1.11.3.jar:na]
	at org.jsoup.helper.HttpConnection$Response.execute(HttpConnection.java:722) ~[jsoup-1.11.3.jar:na]
	at org.jsoup.helper.HttpConnection.execute(HttpConnection.java:306) ~[jsoup-1.11.3.jar:na]
	at org.jsoup.helper.HttpConnection.get(HttpConnection.java:295) ~[jsoup-1.11.3.jar:na]
	at com.dytt.module.movie.timeJob.TimeJobs.addMovie(TimeJobs.java:29) ~[classes/:na]
	at sun.reflect.GeneratedMethodAccessor115.invoke(Unknown Source) ~[na:na]
	at sun.reflect.DelegatingMethodAccessorImpl.invoke(DelegatingMethodAccessorImpl.java:45005) ~[na:1.8.0_131]
	at java.lang.reflect.Method.invoke(Method.java:498) ~[na:1.8.0_131]
	at org.springframework.scheduling.support.ScheduledMethodRunnable.run(ScheduledMethodRunnable.java:84) ~[spring-context-5.1.4.RELEASE.jar:5.1.4.RELEASE]
	at org.springframework.scheduling.support.DelegatingErrorHandlingRunnable.run(DelegatingErrorHandlingRunnable.java:54) ~[spring-context-5.1.4.RELEASE.jar:5.1.4.RELEASE]
	at org.springframework.scheduling.concurrent.ReschedulingRunnable.run(ReschedulingRunnable.java:93) [spring-context-5.1.4.RELEASE.jar:5.1.4.RELEASE]
	at java.util.concurrent.Executors$RunnableAdapter.call(Executors.java:511) [na:1.8.0_131]
	at java.util.concurrent.FutureTask.run(FutureTask.java:266) [na:1.8.0_131]
	at java.util.concurrent.ScheduledThreadPoolExecutor$ScheduledFutureTask.access$201(ScheduledThreadPoolExecutor.java:180) [na:1.8.0_131]
	at java.util.concurrent.ScheduledThreadPoolExecutor$ScheduledFutureTask.run(ScheduledThreadPoolExecutor.java:293) [na:1.8.0_131]
	at java.util.concurrent.ThreadPoolExecutor.runWorker(ThreadPoolExecutor.java:1142) [na:1.8.0_131]
	at java.util.concurrent.ThreadPoolExecutor$Worker.run(ThreadPoolExecutor.java:617) [na:1.8.0_131]
	at java.lang.Thread.run(Thread.java:748) [na:1.8.0_131]

2019-06-21 14:54:37.197  INFO 4000 --- [AsyncResolver-bootstrap-executor-0] c.n.d.s.r.aws.ConfigClusterResolver      : Resolving eureka endpoints via configuration
2019-06-21 14:59:37.203  INFO 4000 --- [AsyncResolver-bootstrap-executor-0] c.n.d.s.r.aws.ConfigClusterResolver      : Resolving eureka endpoints via configuration
2019-06-21 15:04:37.216  INFO 4000 --- [AsyncResolver-bootstrap-executor-0] c.n.d.s.r.aws.ConfigClusterResolver      : Resolving eureka endpoints via configuration
2019-06-21 15:09:37.243  INFO 4000 --- [AsyncResolver-bootstrap-executor-0] c.n.d.s.r.aws.ConfigClusterResolver      : Resolving eureka endpoints via configuration
2019-06-21 15:14:37.278  INFO 4000 --- [AsyncResolver-bootstrap-executor-0] c.n.d.s.r.aws.ConfigClusterResolver      : Resolving eureka endpoints via configuration
2019-06-21 15:19:37.285  INFO 4000 --- [AsyncResolver-bootstrap-executor-0] c.n.d.s.r.aws.ConfigClusterResolver      : Resolving eureka endpoints via configuration
2019-06-21 15:24:37.291  INFO 4000 --- [AsyncResolver-bootstrap-executor-0] c.n.d.s.r.aws.ConfigClusterResolver      : Resolving eureka endpoints via configuration
2019-06-21 15:29:37.299  INFO 4000 --- [AsyncResolver-bootstrap-executor-0] c.n.d.s.r.aws.ConfigClusterResolver      : Resolving eureka endpoints via configuration
2019-06-21 15:34:37.305  INFO 4000 --- [AsyncResolver-bootstrap-executor-0] c.n.d.s.r.aws.ConfigClusterResolver      : Resolving eureka endpoints via configuration
2019-06-21 15:39:37.312  INFO 4000 --- [AsyncResolver-bootstrap-executor-0] c.n.d.s.r.aws.ConfigClusterResolver      : Resolving eureka endpoints via configuration
2019-06-21 15:44:37.317  INFO 4000 --- [AsyncResolver-bootstrap-executor-0] c.n.d.s.r.aws.ConfigClusterResolver      : Resolving eureka endpoints via configuration
2019-06-21 15:49:37.321  INFO 4000 --- [AsyncResolver-bootstrap-executor-0] c.n.d.s.r.aws.ConfigClusterResolver      : Resolving eureka endpoints via configuration
2019-06-21 15:54:37.325  INFO 4000 --- [AsyncResolver-bootstrap-executor-0] c.n.d.s.r.aws.ConfigClusterResolver      : Resolving eureka endpoints via configuration
2019-06-21 15:59:37.330  INFO 4000 --- [AsyncResolver-bootstrap-executor-0] c.n.d.s.r.aws.ConfigClusterResolver      : Resolving eureka endpoints via configuration
2019-06-21 16:04:37.335  INFO 4000 --- [AsyncResolver-bootstrap-executor-0] c.n.d.s.r.aws.ConfigClusterResolver      : Resolving eureka endpoints via configuration
2019-06-21 16:09:37.341  INFO 4000 --- [AsyncResolver-bootstrap-executor-0] c.n.d.s.r.aws.ConfigClusterResolver      : Resolving eureka endpoints via configuration
2019-06-21 16:14:37.344  INFO 4000 --- [AsyncResolver-bootstrap-executor-0] c.n.d.s.r.aws.ConfigClusterResolver      : Resolving eureka endpoints via configuration
2019-06-21 16:19:37.350  INFO 4000 --- [AsyncResolver-bootstrap-executor-0] c.n.d.s.r.aws.ConfigClusterResolver      : Resolving eureka endpoints via configuration
2019-06-21 16:24:37.356  INFO 4000 --- [AsyncResolver-bootstrap-executor-0] c.n.d.s.r.aws.ConfigClusterResolver      : Resolving eureka endpoints via configuration
2019-06-21 16:29:37.363  INFO 4000 --- [AsyncResolver-bootstrap-executor-0] c.n.d.s.r.aws.ConfigClusterResolver      : Resolving eureka endpoints via configuration
2019-06-21 16:34:37.367  INFO 4000 --- [AsyncResolver-bootstrap-executor-0] c.n.d.s.r.aws.ConfigClusterResolver      : Resolving eureka endpoints via configuration
2019-06-21 16:39:37.370  INFO 4000 --- [AsyncResolver-bootstrap-executor-0] c.n.d.s.r.aws.ConfigClusterResolver      : Resolving eureka endpoints via configuration
2019-06-21 16:44:37.374  INFO 4000 --- [AsyncResolver-bootstrap-executor-0] c.n.d.s.r.aws.ConfigClusterResolver      : Resolving eureka endpoints via configuration
2019-06-21 16:49:37.382  INFO 4000 --- [AsyncResolver-bootstrap-executor-0] c.n.d.s.r.aws.ConfigClusterResolver      : Resolving eureka endpoints via configuration
2019-06-21 16:54:37.390  INFO 4000 --- [AsyncResolver-bootstrap-executor-0] c.n.d.s.r.aws.ConfigClusterResolver      : Resolving eureka endpoints via configuration
2019-06-21 16:59:37.395  INFO 4000 --- [AsyncResolver-bootstrap-executor-0] c.n.d.s.r.aws.ConfigClusterResolver      : Resolving eureka endpoints via configuration
2019-06-21 17:04:37.399  INFO 4000 --- [AsyncResolver-bootstrap-executor-0] c.n.d.s.r.aws.ConfigClusterResolver      : Resolving eureka endpoints via configuration
2019-06-21 17:09:37.403  INFO 4000 --- [AsyncResolver-bootstrap-executor-0] c.n.d.s.r.aws.ConfigClusterResolver      : Resolving eureka endpoints via configuration
2019-06-21 17:14:37.407  INFO 4000 --- [AsyncResolver-bootstrap-executor-0] c.n.d.s.r.aws.ConfigClusterResolver      : Resolving eureka endpoints via configuration
2019-06-21 17:19:37.413  INFO 4000 --- [AsyncResolver-bootstrap-executor-0] c.n.d.s.r.aws.ConfigClusterResolver      : Resolving eureka endpoints via configuration
2019-06-21 17:24:37.418  INFO 4000 --- [AsyncResolver-bootstrap-executor-0] c.n.d.s.r.aws.ConfigClusterResolver      : Resolving eureka endpoints via configuration
2019-06-21 17:29:37.421  INFO 4000 --- [AsyncResolver-bootstrap-executor-0] c.n.d.s.r.aws.ConfigClusterResolver      : Resolving eureka endpoints via configuration
2019-06-21 17:34:37.431  INFO 4000 --- [AsyncResolver-bootstrap-executor-0] c.n.d.s.r.aws.ConfigClusterResolver      : Resolving eureka endpoints via configuration
2019-06-21 17:39:37.436  INFO 4000 --- [AsyncResolver-bootstrap-executor-0] c.n.d.s.r.aws.ConfigClusterResolver      : Resolving eureka endpoints via configuration
2019-06-21 17:44:37.441  INFO 4000 --- [AsyncResolver-bootstrap-executor-0] c.n.d.s.r.aws.ConfigClusterResolver      : Resolving eureka endpoints via configuration
2019-06-21 17:49:37.449  INFO 4000 --- [AsyncResolver-bootstrap-executor-0] c.n.d.s.r.aws.ConfigClusterResolver      : Resolving eureka endpoints via configuration
2019-06-21 17:54:37.455  INFO 4000 --- [AsyncResolver-bootstrap-executor-0] c.n.d.s.r.aws.ConfigClusterResolver      : Resolving eureka endpoints via configuration
2019-06-21 17:59:37.462  INFO 4000 --- [AsyncResolver-bootstrap-executor-0] c.n.d.s.r.aws.ConfigClusterResolver      : Resolving eureka endpoints via configuration
2019-06-21 18:04:37.468  INFO 4000 --- [AsyncResolver-bootstrap-executor-0] c.n.d.s.r.aws.ConfigClusterResolver      : Resolving eureka endpoints via configuration
2019-06-21 18:09:37.474  INFO 4000 --- [AsyncResolver-bootstrap-executor-0] c.n.d.s.r.aws.ConfigClusterResolver      : Resolving eureka endpoints via configuration
2019-06-21 18:14:37.479  INFO 4000 --- [AsyncResolver-bootstrap-executor-0] c.n.d.s.r.aws.ConfigClusterResolver      : Resolving eureka endpoints via configuration
2019-06-21 18:19:37.483  INFO 4000 --- [AsyncResolver-bootstrap-executor-0] c.n.d.s.r.aws.ConfigClusterResolver      : Resolving eureka endpoints via configuration
2019-06-21 18:24:37.492  INFO 4000 --- [AsyncResolver-bootstrap-executor-0] c.n.d.s.r.aws.ConfigClusterResolver      : Resolving eureka endpoints via configuration
2019-06-21 18:29:37.497  INFO 4000 --- [AsyncResolver-bootstrap-executor-0] c.n.d.s.r.aws.ConfigClusterResolver      : Resolving eureka endpoints via configuration
2019-06-21 18:32:44.562  INFO 4000 --- [http-nio-8003-exec-6] c.d.c.l.AddLogAspect.around() [line:30]  : ---requestLog--start:RequestLog(requestId=1561113164543, url=/page, method=GET, paramsMap={pageNo=1 , pageSize=10 , movieName=功夫 }, requestBody=null, request=org.apache.catalina.connector.RequestFacade@c9b2f1b)
2019-06-21 18:32:44.949 DEBUG 4000 --- [http-nio-8003-exec-6] c.d.m.movie.dao.MovieMapper.selectPage   : ==>  Preparing: SELECT COUNT(1) FROM gcdy_movie WHERE title LIKE ? 
2019-06-21 18:32:44.970 DEBUG 4000 --- [http-nio-8003-exec-6] c.d.m.movie.dao.MovieMapper.selectPage   : ==> Parameters: %功夫%(String)
2019-06-21 18:32:45.118 DEBUG 4000 --- [http-nio-8003-exec-6] c.d.m.movie.dao.MovieMapper.selectPage   : ==>  Preparing: SELECT id,create_user_id,create_date,last_update_user_id,last_update_date,title,name,name2,age,place_of_origin,category_id,language,subtitle,release_time,douban_score,imdb_score,file_format,video_size,file_size,length,director,actor,summary,awards,download_link,img_url FROM gcdy_movie WHERE title LIKE ? ORDER BY create_date DESC LIMIT ?,? 
2019-06-21 18:32:45.119 DEBUG 4000 --- [http-nio-8003-exec-6] c.d.m.movie.dao.MovieMapper.selectPage   : ==> Parameters: %功夫%(String), 0(Long), 10(Long)
2019-06-21 18:32:45.192 DEBUG 4000 --- [http-nio-8003-exec-6] c.d.m.movie.dao.MovieMapper.selectPage   : <==      Total: 10
2019-06-21 18:32:45.210  INFO 4000 --- [http-nio-8003-exec-6] c.d.c.l.AddLogAspect.around() [line:40]  : --------requestLog----end--ok  result:ResponseResult(code=000000, msg=success, data=com.baomidou.mybatisplus.extension.plugins.pagination.Page@3cbc6303, port=null, applicationName=null),耗时毫秒数:631毫秒
2019-06-21 18:34:37.499  INFO 4000 --- [AsyncResolver-bootstrap-executor-0] c.n.d.s.r.aws.ConfigClusterResolver      : Resolving eureka endpoints via configuration
2019-06-21 18:39:37.501  INFO 4000 --- [AsyncResolver-bootstrap-executor-0] c.n.d.s.r.aws.ConfigClusterResolver      : Resolving eureka endpoints via configuration
2019-06-21 18:44:37.505  INFO 4000 --- [AsyncResolver-bootstrap-executor-0] c.n.d.s.r.aws.ConfigClusterResolver      : Resolving eureka endpoints via configuration
2019-06-21 18:49:37.510  INFO 4000 --- [AsyncResolver-bootstrap-executor-0] c.n.d.s.r.aws.ConfigClusterResolver      : Resolving eureka endpoints via configuration
2019-06-21 18:54:37.513  INFO 4000 --- [AsyncResolver-bootstrap-executor-0] c.n.d.s.r.aws.ConfigClusterResolver      : Resolving eureka endpoints via configuration
