#
# There is insufficient memory for the Java Runtime Environment to continue.
# Native memory allocation (malloc) failed to allocate 1048576 bytes for AllocateHeap
# Possible reasons:
#   The system is out of physical RAM or swap space
#   In 32 bit mode, the process size limit was hit
# Possible solutions:
#   Reduce memory load on the system
#   Increase physical memory or swap space
#   Check if swap backing store is full
#   Use 64 bit Java on a 64 bit OS
#   Decrease Java heap size (-Xmx/-Xms)
#   Decrease number of Java threads
#   Decrease Java thread stack sizes (-Xss)
#   Set larger code cache with -XX:ReservedCodeCacheSize=
# This output file may be truncated or incomplete.
#
#  Out of Memory Error (memory/allocation.inline.hpp:61), pid=30820, tid=0x00000000000074ec
#
# JRE version:  (8.0_131-b11) (build )
# Java VM: Java HotSpot(TM) 64-Bit Server VM (25.131-b11 mixed mode windows-amd64 compressed oops)
# Failed to write core dump. Minidumps are not enabled by default on client versions of Windows
#

---------------  T H R E A D  ---------------

Current thread (0x0000000002bf4000):  JavaThread "Unknown thread" [_thread_in_vm, id=29932, stack(0x0000000002af0000,0x0000000002bf0000)]

Stack: [0x0000000002af0000,0x0000000002bf0000]
[error occurred during error reporting (printing stack bounds), id 0xc0000005]

Native frames: (J=compiled Java code, j=interpreted, Vv=VM code, C=native code)


---------------  P R O C E S S  ---------------

Java Threads: ( => current thread )

Other Threads:

=>0x0000000002bf4000 (exited) JavaThread "Unknown thread" [_thread_in_vm, id=29932, stack(0x0000000002af0000,0x0000000002bf0000)]

VM state:not at safepoint (normal execution)

VM Mutex/Monitor currently owned by a thread: None

Heap:
 PSYoungGen      total 75776K, used 1300K [0x000000076bb80000, 0x0000000771000000, 0x00000007c0000000)
  eden space 65024K, 2% used [0x000000076bb80000,0x000000076bcc51f8,0x000000076fb00000)
  from space 10752K, 0% used [0x0000000770580000,0x0000000770580000,0x0000000771000000)
  to   space 10752K, 0% used [0x000000076fb00000,0x000000076fb00000,0x0000000770580000)
 ParOldGen       total 173568K, used 0K [0x00000006c3200000, 0x00000006cdb80000, 0x000000076bb80000)
  object space 173568K, 0% used [0x00000006c3200000,0x00000006c3200000,0x00000006cdb80000)
 Metaspace       used 770K, capacity 4480K, committed 4480K, reserved 1056768K
  class space    used 75K, capacity 384K, committed 384K, reserved 1048576K

Card table byte_map: [0x0000000012200000,0x00000000129f0000] byte_map_base: 0x000000000ebe7000

Marking Bits: (ParMarkBitMap*) 0x0000000058cdc720
 Begin Bits: [0x0000000013740000, 0x0000000017678000)
 End Bits:   [0x0000000017678000, 0x000000001b5b0000)

Polling page: 0x00000000005f0000

CodeCache: size=245760Kb used=328Kb max_used=328Kb free=245431Kb
 bounds [0x0000000002e40000, 0x00000000030b0000, 0x0000000011e40000]
 total_blobs=58 nmethods=0 adapters=38
 compilation: enabled

Compilation events (0 events):
No events

GC Heap History (0 events):
No events

Deoptimization events (0 events):
No events

Internal exceptions (0 events):
No events

Events (10 events):
Event: 0.035 loading class java/lang/Short
Event: 0.035 loading class java/lang/Short done
Event: 0.035 loading class java/lang/Integer
Event: 0.035 loading class java/lang/Integer done
Event: 0.035 loading class java/lang/Long
Event: 0.035 loading class java/lang/Long done
Event: 0.037 loading class java/lang/NullPointerException
Event: 0.037 loading class java/lang/NullPointerException done
Event: 0.037 loading class java/lang/ArithmeticException
Event: 0.037 loading class java/lang/ArithmeticException done


Dynamic libraries:
0x00007ff7c4470000 - 0x00007ff7c44a7000 	D:\Program Files\Java\jdk1.8.0_131\bin\java.exe
0x00007ffbe89a0000 - 0x00007ffbe8b8d000 	C:\WINDOWS\SYSTEM32\ntdll.dll
0x00007ffbe8390000 - 0x00007ffbe8443000 	C:\WINDOWS\System32\KERNEL32.DLL
0x00007ffbe4b10000 - 0x00007ffbe4da3000 	C:\WINDOWS\System32\KERNELBASE.dll
0x00007ffbe7f10000 - 0x00007ffbe7fb3000 	C:\WINDOWS\System32\ADVAPI32.dll
0x00007ffbe8760000 - 0x00007ffbe87fe000 	C:\WINDOWS\System32\msvcrt.dll
0x00007ffbe8630000 - 0x00007ffbe86ce000 	C:\WINDOWS\System32\sechost.dll
0x00007ffbe7590000 - 0x00007ffbe76b2000 	C:\WINDOWS\System32\RPCRT4.dll
0x00007ffbe7d70000 - 0x00007ffbe7f07000 	C:\WINDOWS\System32\USER32.dll
0x00007ffbe5160000 - 0x00007ffbe5180000 	C:\WINDOWS\System32\win32u.dll
0x00007ffbe7d40000 - 0x00007ffbe7d69000 	C:\WINDOWS\System32\GDI32.dll
0x00007ffbe4ef0000 - 0x00007ffbe508a000 	C:\WINDOWS\System32\gdi32full.dll
0x00007ffbe4a70000 - 0x00007ffbe4b10000 	C:\WINDOWS\System32\msvcp_win.dll
0x00007ffbe5360000 - 0x00007ffbe545a000 	C:\WINDOWS\System32\ucrtbase.dll
0x00007ffbd2e10000 - 0x00007ffbd3089000 	C:\WINDOWS\WinSxS\amd64_microsoft.windows.common-controls_6595b64144ccf1df_6.0.17763.503_none_05b23ef40721f4ae\COMCTL32.dll
0x00007ffbe5d10000 - 0x00007ffbe603c000 	C:\WINDOWS\System32\combase.dll
0x00007ffbe50e0000 - 0x00007ffbe515e000 	C:\WINDOWS\System32\bcryptPrimitives.dll
0x00007ffbe5bd0000 - 0x00007ffbe5bfe000 	C:\WINDOWS\System32\IMM32.DLL
0x0000000058d60000 - 0x0000000058e32000 	D:\Program Files\Java\jdk1.8.0_131\jre\bin\msvcr100.dll
0x00000000584c0000 - 0x0000000058d5c000 	D:\Program Files\Java\jdk1.8.0_131\jre\bin\server\jvm.dll
0x00007ffbe8750000 - 0x00007ffbe8758000 	C:\WINDOWS\System32\PSAPI.DLL
0x00007ffbc1fe0000 - 0x00007ffbc1fe9000 	C:\WINDOWS\SYSTEM32\WSOCK32.dll
0x00007ffbe2260000 - 0x00007ffbe2284000 	C:\WINDOWS\SYSTEM32\WINMM.dll
0x00007ffbdf610000 - 0x00007ffbdf61a000 	C:\WINDOWS\SYSTEM32\VERSION.dll
0x00007ffbe7cc0000 - 0x00007ffbe7d2d000 	C:\WINDOWS\System32\WS2_32.dll
0x00007ffbe2140000 - 0x00007ffbe216d000 	C:\WINDOWS\SYSTEM32\winmmbase.dll
0x00007ffbe5090000 - 0x00007ffbe50da000 	C:\WINDOWS\System32\cfgmgr32.dll
0x00000000584b0000 - 0x00000000584bf000 	D:\Program Files\Java\jdk1.8.0_131\jre\bin\verify.dll
0x0000000058480000 - 0x00000000584a9000 	D:\Program Files\Java\jdk1.8.0_131\jre\bin\java.dll
0x00000000582c0000 - 0x00000000582e3000 	D:\Program Files\Java\jdk1.8.0_131\jre\bin\instrument.dll
0x0000000058460000 - 0x0000000058476000 	D:\Program Files\Java\jdk1.8.0_131\jre\bin\zip.dll

VM Arguments:
jvm_args: -Dvisualvm.id=375142901011800 -ea -Didea.test.cyclic.buffer.size=1048576 -javaagent:D:\Program Files\JetBrains\IntelliJ IDEA 2018.1.2\lib\idea_rt.jar=62344:D:\Program Files\JetBrains\IntelliJ IDEA 2018.1.2\bin -Dfile.encoding=UTF-8 
java_command: com.intellij.rt.execution.junit.JUnitStarter -ideVersion5 -junit4 com.dytt.gateway.module.Redis,≤È—Ø
java_class_path (initial): D:\Program Files\JetBrains\IntelliJ IDEA 2018.1.2\lib\idea_rt.jar;D:\Program Files\JetBrains\IntelliJ IDEA 2018.1.2\plugins\junit\lib\junit-rt.jar;D:\Program Files\JetBrains\IntelliJ IDEA 2018.1.2\plugins\junit\lib\junit5-rt.jar;D:\Program Files\Java\jdk1.8.0_131\jre\lib\charsets.jar;D:\Program Files\Java\jdk1.8.0_131\jre\lib\deploy.jar;D:\Program Files\Java\jdk1.8.0_131\jre\lib\ext\access-bridge-64.jar;D:\Program Files\Java\jdk1.8.0_131\jre\lib\ext\cldrdata.jar;D:\Program Files\Java\jdk1.8.0_131\jre\lib\ext\dnsns.jar;D:\Program Files\Java\jdk1.8.0_131\jre\lib\ext\jaccess.jar;D:\Program Files\Java\jdk1.8.0_131\jre\lib\ext\jfxrt.jar;D:\Program Files\Java\jdk1.8.0_131\jre\lib\ext\localedata.jar;D:\Program Files\Java\jdk1.8.0_131\jre\lib\ext\nashorn.jar;D:\Program Files\Java\jdk1.8.0_131\jre\lib\ext\sunec.jar;D:\Program Files\Java\jdk1.8.0_131\jre\lib\ext\sunjce_provider.jar;D:\Program Files\Java\jdk1.8.0_131\jre\lib\ext\sunmscapi.jar;D:\Program Files\Java\jdk1.8.0_131\jre\lib\ext\sunpkcs11.jar;D:\Program Files\Java\jdk1.8.0_131\jre\lib\ext\zipfs.jar;D:\Program Files\Java\jdk1.8.0_131\jre\lib\javaws.jar;D:\Program Files\Java\jdk1.8.0_131\jre\lib\jce.jar;D:\Program Files\Java\jdk1.8.0_131\jre\lib\jfr.jar;D:\Program Files\Java\jdk1.8.0_131\jre\lib\jfxswt.jar;D:\Program Files\Java\jdk1.8.0_131\jre\lib\jsse.jar;D:\Program Files\Java\jdk1.8.0_131\jre\lib\management-agent.jar;D:\Program Files\Java\jdk1.8.0_131\jre\lib\plugin.jar;D:\Program Files\Java\jdk1.8.0_131\jre\lib\resources.jar;D:\Program Files\Java\jdk1.8.0_131\jre\lib\rt.jar;D:\javaProjects\mydytt\gateway\target\test-classes;D:\javaProjects\mydytt\gateway\target\classes;C:\Users\39248\.m2\repository\org\springframework\boot\spring-boot-starter\2.1.2.RELEASE\spring-boot-starter-2.1.2.RELEASE.jar;C:\Users\39248\.m2\repository\org\springframework\boot\spring-boot\2.1.2.RELEASE\spring-boot-2.1.2.RELEASE.jar;C:\Users\39248\.m2\repository\org\springframework\spring-context\5.1.4.RELEASE\spring
Launcher Type: SUN_STANDARD

Environment Variables:
PATH=C:\Program Files (x86)\Common Files\Oracle\Java\javapath;C:\ProgramData\Oracle\Java\javapath;C:\Program Files (x86)\Intel\Intel(R) Management Engine Components\iCLS\;C:\Program Files\Intel\Intel(R) Management Engine Components\iCLS\;C:\WINDOWS\system32;C:\WINDOWS;C:\WINDOWS\System32\Wbem;C:\WINDOWS\System32\WindowsPowerShell\v1.0\;C:\WINDOWS\System32\OpenSSH\;C:\Program Files (x86)\Intel\Intel(R) Management Engine Components\DAL;C:\Program Files\Intel\Intel(R) Management Engine Components\DAL;D:\Program Files\Git\cmd;C:\Program Files\nodejs\;C:\Users\39248\AppData\Local\Microsoft\WindowsApps;C:\Users\39248\AppData\Roaming\npm
USERNAME=39248
OS=Windows_NT
PROCESSOR_IDENTIFIER=Intel64 Family 6 Model 142 Stepping 11, GenuineIntel



---------------  S Y S T E M  ---------------

OS: Windows 10.0 , 64 bit Build 17763 (10.0.17763.475)

CPU:total 8 (initial active 8) (4 cores per cpu, 2 threads per core) family 6 model 142 stepping 11, cmov, cx8, fxsr, mmx, sse, sse2, sse3, ssse3, sse4.1, sse4.2, popcnt, avx, avx2, aes, clmul, erms, 3dnowpref, lzcnt, ht, tsc, tscinvbit, bmi1, bmi2, adx

Memory: 4k page, physical 16566304k(1997148k free), swap 25717404k(5480k free)

vm_info: Java HotSpot(TM) 64-Bit Server VM (25.131-b11) for windows-amd64 JRE (1.8.0_131-b11), built on Mar 15 2017 01:23:53 by "java_re" with MS VC++ 10.0 (VS2010)

time: Thu Jun 13 17:39:01 2019
elapsed time: 0 seconds (0d 0h 0m 0s)

